<?xml version="1.0" encoding="UTF-8"?>
<testsuite xmlns:xsi="http://www.w3.org/2001/XMLSchema-instance" xsi:noNamespaceSchemaLocation="https://maven.apache.org/surefire/maven-surefire-plugin/xsd/surefire-test-report-3.0.xsd" version="3.0" name="bondar.iot.ecotrackerback.EcotrackerBackApplicationTests" time="4.501" tests="1" errors="0" skipped="0" failures="0">
  <properties>
[...]
</properties>
  <testcase name="contextLoads" classname="bondar.iot.ecotrackerback.EcotrackerBackApplicationTests" time="0.459">
    <system-out><![CDATA[01:06:01.882 [main] INFO org.springframework.test.context.support.AnnotationConfigContextLoaderUtils -- Could not detect default configuration classes for test class [bondar.iot.ecotrackerback.EcotrackerBackApplicationTests]: EcotrackerBackApplicationTests does not declare any static, non-private, non-final, nested classes annotated with @Configuration.
01:06:01.963 [main] INFO org.springframework.boot.test.context.SpringBootTestContextBootstrapper -- Found @SpringBootConfiguration bondar.iot.ecotrackerback.EcotrackerBackApplication for test class bondar.iot.ecotrackerback.EcotrackerBackApplicationTests

  .   ____          _            __ _ _
 /\\ / ___'_ __ _ _(_)_ __  __ _ \ \ \ \
( ( )\___ | '_ | '_| | '_ \/ _` | \ \ \ \
 \\/  ___)| |_)| | | | | || (_| |  ) ) ) )
  '  |____| .__|_| |_|_| |_\__, | / / / /
 =========|_|==============|___/=/_/_/_/
 :: Spring Boot ::                (v3.2.5)

2024-04-30T01:06:02.300+03:00  INFO 22068 --- [ecotracker-back] [           main] b.i.e.EcotrackerBackApplicationTests     : Starting EcotrackerBackApplicationTests using Java 17.0.10 with PID 22068 (started by proon in D:\IdeaProjects\ecotracker-back)
2024-04-30T01:06:02.301+03:00 DEBUG 22068 --- [ecotracker-back] [           main] b.i.e.EcotrackerBackApplicationTests     : Running with Spring Boot v3.2.5, Spring v6.1.6
2024-04-30T01:06:02.301+03:00  INFO 22068 --- [ecotracker-back] [           main] b.i.e.EcotrackerBackApplicationTests     : No active profile set, falling back to 1 default profile: "default"
2024-04-30T01:06:02.302+03:00 DEBUG 22068 --- [ecotracker-back] [           main] o.s.boot.SpringApplication               : Loading source class bondar.iot.ecotrackerback.EcotrackerBackApplication
2024-04-30T01:06:02.321+03:00 DEBUG 22068 --- [ecotracker-back] [           main] o.s.w.c.s.GenericWebApplicationContext   : Refreshing org.springframework.web.context.support.GenericWebApplicationContext@3113a37
2024-04-30T01:06:02.334+03:00 DEBUG 22068 --- [ecotracker-back] [           main] o.s.b.f.s.DefaultListableBeanFactory     : Creating shared instance of singleton bean 'org.springframework.context.annotation.internalConfigurationAnnotationProcessor'
2024-04-30T01:06:02.344+03:00 DEBUG 22068 --- [ecotracker-back] [           main] o.s.b.f.s.DefaultListableBeanFactory     : Creating shared instance of singleton bean 'org.springframework.boot.autoconfigure.internalCachingMetadataReaderFactory'
2024-04-30T01:06:02.365+03:00 DEBUG 22068 --- [ecotracker-back] [           main] o.s.c.a.ClassPathBeanDefinitionScanner   : Identified candidate component class: file [D:\IdeaProjects\ecotracker-back\target\classes\bondar\iot\ecotrackerback\configuration\WebConfig.class]
2024-04-30T01:06:02.373+03:00 DEBUG 22068 --- [ecotracker-back] [           main] o.s.c.a.ClassPathBeanDefinitionScanner   : Identified candidate component class: file [D:\IdeaProjects\ecotracker-back\target\classes\bondar\iot\ecotrackerback\controller\AudioDataController.class]
2024-04-30T01:06:02.374+03:00 DEBUG 22068 --- [ecotracker-back] [           main] o.s.c.a.ClassPathBeanDefinitionScanner   : Identified candidate component class: file [D:\IdeaProjects\ecotracker-back\target\classes\bondar\iot\ecotrackerback\controller\LightDataController.class]
2024-04-30T01:06:02.375+03:00 DEBUG 22068 --- [ecotracker-back] [           main] o.s.c.a.ClassPathBeanDefinitionScanner   : Identified candidate component class: file [D:\IdeaProjects\ecotracker-back\target\classes\bondar\iot\ecotrackerback\controller\PushNotificationController.class]
2024-04-30T01:06:02.378+03:00 DEBUG 22068 --- [ecotracker-back] [           main] o.s.c.a.ClassPathBeanDefinitionScanner   : Identified candidate component class: file [D:\IdeaProjects\ecotracker-back\target\classes\bondar\iot\ecotrackerback\service\AudioDataService.class]
2024-04-30T01:06:02.378+03:00 DEBUG 22068 --- [ecotracker-back] [           main] o.s.c.a.ClassPathBeanDefinitionScanner   : Identified candidate component class: file [D:\IdeaProjects\ecotracker-back\target\classes\bondar\iot\ecotrackerback\service\LightDataService.class]
2024-04-30T01:06:02.378+03:00 DEBUG 22068 --- [ecotracker-back] [           main] o.s.c.a.ClassPathBeanDefinitionScanner   : Identified candidate component class: file [D:\IdeaProjects\ecotracker-back\target\classes\bondar\iot\ecotrackerback\service\PushNotificationService.class]
2024-04-30T01:06:02.801+03:00  INFO 22068 --- [ecotracker-back] [           main] .s.d.r.c.RepositoryConfigurationDelegate : Bootstrapping Spring Data JPA repositories in DEFAULT mode.
2024-04-30T01:06:02.807+03:00 DEBUG 22068 --- [ecotracker-back] [           main] o.s.b.f.s.DefaultListableBeanFactory     : Creating shared instance of singleton bean 'org.springframework.boot.autoconfigure.AutoConfigurationPackages'
2024-04-30T01:06:02.812+03:00 DEBUG 22068 --- [ecotracker-back] [           main] o.s.b.a.AutoConfigurationPackages        : @EnableAutoConfiguration was declared on a class in the package 'bondar.iot.ecotrackerback'. Automatic @Repository and @Entity scanning is enabled.
2024-04-30T01:06:02.813+03:00 DEBUG 22068 --- [ecotracker-back] [           main] .s.d.r.c.RepositoryConfigurationDelegate : Scanning for JPA repositories in packages bondar.iot.ecotrackerback.
2024-04-30T01:06:02.822+03:00 DEBUG 22068 --- [ecotracker-back] [           main] o.s.d.r.c.RepositoryComponentProvider    : Identified candidate component class: file [D:\IdeaProjects\ecotracker-back\target\classes\bondar\iot\ecotrackerback\repository\AudioDataRepository.class]
2024-04-30T01:06:02.823+03:00 DEBUG 22068 --- [ecotracker-back] [           main] o.s.d.r.c.RepositoryComponentProvider    : Identified candidate component class: file [D:\IdeaProjects\ecotracker-back\target\classes\bondar\iot\ecotrackerback\repository\LightDataRepository.class]
2024-04-30T01:06:02.823+03:00 DEBUG 22068 --- [ecotracker-back] [           main] o.s.d.r.c.RepositoryComponentProvider    : Identified candidate component class: file [D:\IdeaProjects\ecotracker-back\target\classes\bondar\iot\ecotrackerback\repository\SubscriptionRepository.class]
2024-04-30T01:06:02.855+03:00  INFO 22068 --- [ecotracker-back] [           main] .s.d.r.c.RepositoryConfigurationDelegate : Finished Spring Data repository scanning in 41 ms. Found 3 JPA repository interfaces.
2024-04-30T01:06:02.998+03:00 DEBUG 22068 --- [ecotracker-back] [           main] o.s.b.f.s.DefaultListableBeanFactory     : Creating shared instance of singleton bean 'propertySourcesPlaceholderConfigurer'
2024-04-30T01:06:03.002+03:00 DEBUG 22068 --- [ecotracker-back] [           main] o.s.b.f.s.DefaultListableBeanFactory     : Creating shared instance of singleton bean 'org.springframework.boot.test.mock.mockito.MockitoPostProcessor'
2024-04-30T01:06:03.003+03:00 DEBUG 22068 --- [ecotracker-back] [           main] o.s.b.f.s.DefaultListableBeanFactory     : Creating shared instance of singleton bean 'emBeanDefinitionRegistrarPostProcessor'
2024-04-30T01:06:03.003+03:00 DEBUG 22068 --- [ecotracker-back] [           main] o.s.b.f.s.DefaultListableBeanFactory     : Creating shared instance of singleton bean 'org.springframework.boot.sql.init.dependency.DatabaseInitializationDependencyConfigurer$DependsOnDatabaseInitializationPostProcessor'
2024-04-30T01:06:03.136+03:00 DEBUG 22068 --- [ecotracker-back] [           main] o.s.b.f.s.DefaultListableBeanFactory     : Creating shared instance of singleton bean 'org.springframework.context.event.internalEventListenerProcessor'
2024-04-30T01:06:03.137+03:00 DEBUG 22068 --- [ecotracker-back] [           main] o.s.b.f.s.DefaultListableBeanFactory     : Creating shared instance of singleton bean 'preserveErrorControllerTargetClassPostProcessor'
2024-04-30T01:06:03.138+03:00 DEBUG 22068 --- [ecotracker-back] [           main] o.s.b.f.s.DefaultListableBeanFactory     : Creating shared instance of singleton bean 'org.springframework.context.event.internalEventListenerFactory'
2024-04-30T01:06:03.138+03:00 DEBUG 22068 --- [ecotracker-back] [           main] o.s.b.f.s.DefaultListableBeanFactory     : Creating shared instance of singleton bean 'org.springframework.transaction.config.internalTransactionalEventListenerFactory'
2024-04-30T01:06:03.140+03:00 DEBUG 22068 --- [ecotracker-back] [           main] o.s.b.f.s.DefaultListableBeanFactory     : Creating shared instance of singleton bean 'org.springframework.boot.test.mock.mockito.MockitoPostProcessor$SpyPostProcessor'
2024-04-30T01:06:03.141+03:00 DEBUG 22068 --- [ecotracker-back] [           main] o.s.b.f.s.DefaultListableBeanFactory     : Creating shared instance of singleton bean 'org.springframework.context.annotation.internalAutowiredAnnotationProcessor'
2024-04-30T01:06:03.143+03:00 DEBUG 22068 --- [ecotracker-back] [           main] o.s.b.f.s.DefaultListableBeanFactory     : Creating shared instance of singleton bean 'org.springframework.context.annotation.internalCommonAnnotationProcessor'
2024-04-30T01:06:03.145+03:00 DEBUG 22068 --- [ecotracker-back] [           main] o.s.b.f.s.DefaultListableBeanFactory     : Creating shared instance of singleton bean 'org.springframework.context.annotation.internalPersistenceAnnotationProcessor'
2024-04-30T01:06:03.146+03:00 DEBUG 22068 --- [ecotracker-back] [           main] o.s.b.f.s.DefaultListableBeanFactory     : Creating shared instance of singleton bean 'org.springframework.boot.context.properties.ConfigurationPropertiesBindingPostProcessor'
2024-04-30T01:06:03.146+03:00 DEBUG 22068 --- [ecotracker-back] [           main] o.s.b.f.s.DefaultListableBeanFactory     : Creating shared instance of singleton bean 'org.springframework.boot.context.internalConfigurationPropertiesBinder'
2024-04-30T01:06:03.148+03:00 DEBUG 22068 --- [ecotracker-back] [           main] o.s.b.f.s.DefaultListableBeanFactory     : Creating shared instance of singleton bean 'jdbcConnectionDetailsHikariBeanPostProcessor'
2024-04-30T01:06:03.150+03:00 DEBUG 22068 --- [ecotracker-back] [           main] o.s.b.f.s.DefaultListableBeanFactory     : Creating shared instance of singleton bean 'org.springframework.aop.config.internalAutoProxyCreator'
2024-04-30T01:06:03.166+03:00 DEBUG 22068 --- [ecotracker-back] [           main] o.s.b.f.s.DefaultListableBeanFactory     : Creating shared instance of singleton bean 'persistenceExceptionTranslationPostProcessor'
2024-04-30T01:06:03.175+03:00 DEBUG 22068 --- [ecotracker-back] [           main] o.s.b.f.s.DefaultListableBeanFactory     : Autowiring by type from bean name 'persistenceExceptionTranslationPostProcessor' via factory method to bean named 'environment'
2024-04-30T01:06:03.178+03:00 DEBUG 22068 --- [ecotracker-back] [           main] o.s.b.f.s.DefaultListableBeanFactory     : Creating shared instance of singleton bean 'webServerFactoryCustomizerBeanPostProcessor'
2024-04-30T01:06:03.178+03:00 DEBUG 22068 --- [ecotracker-back] [           main] o.s.b.f.s.DefaultListableBeanFactory     : Creating shared instance of singleton bean 'errorPageRegistrarBeanPostProcessor'
2024-04-30T01:06:03.179+03:00 DEBUG 22068 --- [ecotracker-back] [           main] o.s.b.f.s.DefaultListableBeanFactory     : Creating shared instance of singleton bean 'projectingArgumentResolverBeanPostProcessor'
2024-04-30T01:06:03.179+03:00 DEBUG 22068 --- [ecotracker-back] [           main] o.s.b.f.s.DefaultListableBeanFactory     : Creating shared instance of singleton bean 'org.springframework.transaction.config.internalTransactionAdvisor'
2024-04-30T01:06:03.180+03:00 DEBUG 22068 --- [ecotracker-back] [           main] o.s.b.f.s.DefaultListableBeanFactory     : Creating shared instance of singleton bean 'org.springframework.transaction.annotation.ProxyTransactionManagementConfiguration'
2024-04-30T01:06:03.187+03:00 DEBUG 22068 --- [ecotracker-back] [           main] o.s.b.f.s.DefaultListableBeanFactory     : Creating shared instance of singleton bean 'transactionAttributeSource'
2024-04-30T01:06:03.188+03:00 DEBUG 22068 --- [ecotracker-back] [           main] o.s.b.f.s.DefaultListableBeanFactory     : Creating shared instance of singleton bean 'transactionInterceptor'
2024-04-30T01:06:03.188+03:00 DEBUG 22068 --- [ecotracker-back] [           main] o.s.b.f.s.DefaultListableBeanFactory     : Autowiring by type from bean name 'transactionInterceptor' via factory method to bean named 'transactionAttributeSource'
2024-04-30T01:06:03.194+03:00 DEBUG 22068 --- [ecotracker-back] [           main] o.s.b.f.s.DefaultListableBeanFactory     : Autowiring by type from bean name 'org.springframework.transaction.config.internalTransactionAdvisor' via factory method to bean named 'transactionAttributeSource'
2024-04-30T01:06:03.195+03:00 DEBUG 22068 --- [ecotracker-back] [           main] o.s.b.f.s.DefaultListableBeanFactory     : Autowiring by type from bean name 'org.springframework.transaction.config.internalTransactionAdvisor' via factory method to bean named 'transactionInterceptor'
2024-04-30T01:06:03.209+03:00 DEBUG 22068 --- [ecotracker-back] [           main] o.s.u.c.s.UiApplicationContextUtils      : Unable to locate ThemeSource with name 'themeSource': using default [org.springframework.ui.context.support.ResourceBundleThemeSource@12a470dd]
2024-04-30T01:06:03.210+03:00 DEBUG 22068 --- [ecotracker-back] [           main] o.s.b.f.s.DefaultListableBeanFactory     : Creating shared instance of singleton bean 'dataSourceScriptDatabaseInitializer'
2024-04-30T01:06:03.210+03:00 DEBUG 22068 --- [ecotracker-back] [           main] o.s.b.f.s.DefaultListableBeanFactory     : Creating shared instance of singleton bean 'org.springframework.boot.autoconfigure.sql.init.DataSourceInitializationConfiguration'
2024-04-30T01:06:03.212+03:00 DEBUG 22068 --- [ecotracker-back] [           main] o.s.b.f.s.DefaultListableBeanFactory     : Creating shared instance of singleton bean 'dataSource'
2024-04-30T01:06:03.212+03:00 DEBUG 22068 --- [ecotracker-back] [           main] o.s.b.f.s.DefaultListableBeanFactory     : Creating shared instance of singleton bean 'org.springframework.boot.autoconfigure.jdbc.DataSourceConfiguration$Hikari'
2024-04-30T01:06:03.213+03:00 DEBUG 22068 --- [ecotracker-back] [           main] o.s.b.f.s.DefaultListableBeanFactory     : Creating shared instance of singleton bean 'spring.datasource-org.springframework.boot.autoconfigure.jdbc.DataSourceProperties'
2024-04-30T01:06:03.214+03:00 DEBUG 22068 --- [ecotracker-back] [           main] o.s.b.f.s.DefaultListableBeanFactory     : Creating shared instance of singleton bean 'org.springframework.boot.context.properties.BoundConfigurationProperties'
2024-04-30T01:06:03.229+03:00 DEBUG 22068 --- [ecotracker-back] [           main] o.s.b.f.s.DefaultListableBeanFactory     : Creating shared instance of singleton bean 'jdbcConnectionDetails'
2024-04-30T01:06:03.230+03:00 DEBUG 22068 --- [ecotracker-back] [           main] o.s.b.f.s.DefaultListableBeanFactory     : Creating shared instance of singleton bean 'org.springframework.boot.autoconfigure.jdbc.DataSourceAutoConfiguration$PooledDataSourceConfiguration'
2024-04-30T01:06:03.230+03:00 DEBUG 22068 --- [ecotracker-back] [           main] o.s.b.f.s.DefaultListableBeanFactory     : Autowiring by type from bean name 'jdbcConnectionDetails' via factory method to bean named 'spring.datasource-org.springframework.boot.autoconfigure.jdbc.DataSourceProperties'
2024-04-30T01:06:03.231+03:00 DEBUG 22068 --- [ecotracker-back] [           main] o.s.b.f.s.DefaultListableBeanFactory     : Autowiring by type from bean name 'dataSource' via factory method to bean named 'spring.datasource-org.springframework.boot.autoconfigure.jdbc.DataSourceProperties'
2024-04-30T01:06:03.231+03:00 DEBUG 22068 --- [ecotracker-back] [           main] o.s.b.f.s.DefaultListableBeanFactory     : Autowiring by type from bean name 'dataSource' via factory method to bean named 'jdbcConnectionDetails'
2024-04-30T01:06:03.235+03:00 DEBUG 22068 --- [ecotracker-back] [           main] com.zaxxer.hikari.HikariConfig           : Driver class org.h2.Driver found in Thread context class loader jdk.internal.loader.ClassLoaders$AppClassLoader@73d16e93
2024-04-30T01:06:03.258+03:00 DEBUG 22068 --- [ecotracker-back] [           main] o.s.b.f.s.DefaultListableBeanFactory     : Creating shared instance of singleton bean 'spring.sql.init-org.springframework.boot.autoconfigure.sql.init.SqlInitializationProperties'
2024-04-30T01:06:03.260+03:00 DEBUG 22068 --- [ecotracker-back] [           main] o.s.b.f.s.DefaultListableBeanFactory     : Autowiring by type from bean name 'dataSourceScriptDatabaseInitializer' via factory method to bean named 'dataSource'
2024-04-30T01:06:03.260+03:00 DEBUG 22068 --- [ecotracker-back] [           main] o.s.b.f.s.DefaultListableBeanFactory     : Autowiring by type from bean name 'dataSourceScriptDatabaseInitializer' via factory method to bean named 'spring.sql.init-org.springframework.boot.autoconfigure.sql.init.SqlInitializationProperties'
2024-04-30T01:06:03.268+03:00 DEBUG 22068 --- [ecotracker-back] [           main] o.s.b.f.s.DefaultListableBeanFactory     : Creating shared instance of singleton bean 'entityManagerFactory'
2024-04-30T01:06:03.268+03:00 DEBUG 22068 --- [ecotracker-back] [           main] o.s.b.f.s.DefaultListableBeanFactory     : Creating shared instance of singleton bean 'org.springframework.boot.autoconfigure.orm.jpa.HibernateJpaConfiguration'
2024-04-30T01:06:03.269+03:00 DEBUG 22068 --- [ecotracker-back] [           main] o.s.b.f.s.DefaultListableBeanFactory     : Creating shared instance of singleton bean 'spring.jpa-org.springframework.boot.autoconfigure.orm.jpa.JpaProperties'
2024-04-30T01:06:03.271+03:00 DEBUG 22068 --- [ecotracker-back] [           main] o.s.b.f.s.DefaultListableBeanFactory     : Creating shared instance of singleton bean 'spring.jpa.hibernate-org.springframework.boot.autoconfigure.orm.jpa.HibernateProperties'
2024-04-30T01:06:03.273+03:00 DEBUG 22068 --- [ecotracker-back] [           main] o.s.b.f.s.DefaultListableBeanFactory     : Autowiring by type from bean name 'org.springframework.boot.autoconfigure.orm.jpa.HibernateJpaConfiguration' via constructor to bean named 'dataSource'
2024-04-30T01:06:03.273+03:00 DEBUG 22068 --- [ecotracker-back] [           main] o.s.b.f.s.DefaultListableBeanFactory     : Autowiring by type from bean name 'org.springframework.boot.autoconfigure.orm.jpa.HibernateJpaConfiguration' via constructor to bean named 'spring.jpa-org.springframework.boot.autoconfigure.orm.jpa.JpaProperties'
2024-04-30T01:06:03.273+03:00 DEBUG 22068 --- [ecotracker-back] [           main] o.s.b.f.s.DefaultListableBeanFactory     : Autowiring by type from bean name 'org.springframework.boot.autoconfigure.orm.jpa.HibernateJpaConfiguration' via constructor to bean named 'org.springframework.beans.factory.support.DefaultListableBeanFactory@34448e6c'
2024-04-30T01:06:03.273+03:00 DEBUG 22068 --- [ecotracker-back] [           main] o.s.b.f.s.DefaultListableBeanFactory     : Autowiring by type from bean name 'org.springframework.boot.autoconfigure.orm.jpa.HibernateJpaConfiguration' via constructor to bean named 'spring.jpa.hibernate-org.springframework.boot.autoconfigure.orm.jpa.HibernateProperties'
2024-04-30T01:06:03.275+03:00 DEBUG 22068 --- [ecotracker-back] [           main] o.s.b.f.s.DefaultListableBeanFactory     : Creating shared instance of singleton bean 'hikariPoolDataSourceMetadataProvider'
2024-04-30T01:06:03.275+03:00 DEBUG 22068 --- [ecotracker-back] [           main] o.s.b.f.s.DefaultListableBeanFactory     : Creating shared instance of singleton bean 'org.springframework.boot.autoconfigure.jdbc.metadata.DataSourcePoolMetadataProvidersConfiguration$HikariPoolDataSourceMetadataProviderConfiguration'
2024-04-30T01:06:03.282+03:00 DEBUG 22068 --- [ecotracker-back] [           main] o.s.b.f.s.DefaultListableBeanFactory     : Creating shared instance of singleton bean 'entityManagerFactoryBuilder'
2024-04-30T01:06:03.283+03:00 DEBUG 22068 --- [ecotracker-back] [           main] o.s.b.f.s.DefaultListableBeanFactory     : Creating shared instance of singleton bean 'jpaVendorAdapter'
2024-04-30T01:06:03.303+03:00 DEBUG 22068 --- [ecotracker-back] [           main] org.jboss.logging                        : Logging Provider: org.jboss.logging.Slf4jLoggerProvider found via system property
2024-04-30T01:06:03.310+03:00 DEBUG 22068 --- [ecotracker-back] [           main] o.s.b.f.s.DefaultListableBeanFactory     : Autowiring by type from bean name 'entityManagerFactoryBuilder' via factory method to bean named 'jpaVendorAdapter'
2024-04-30T01:06:03.314+03:00 DEBUG 22068 --- [ecotracker-back] [           main] o.s.b.f.s.DefaultListableBeanFactory     : Creating shared instance of singleton bean 'persistenceManagedTypes'
2024-04-30T01:06:03.315+03:00 DEBUG 22068 --- [ecotracker-back] [           main] o.s.b.f.s.DefaultListableBeanFactory     : Autowiring by type from bean name 'persistenceManagedTypes' via factory method to bean named 'org.springframework.beans.factory.support.DefaultListableBeanFactory@34448e6c'
2024-04-30T01:06:03.315+03:00 DEBUG 22068 --- [ecotracker-back] [           main] o.s.b.f.s.DefaultListableBeanFactory     : Autowiring by type from bean name 'persistenceManagedTypes' via factory method to bean named 'org.springframework.web.context.support.GenericWebApplicationContext@3113a37'
2024-04-30T01:06:03.326+03:00 DEBUG 22068 --- [ecotracker-back] [           main] o.s.b.f.s.DefaultListableBeanFactory     : Autowiring by type from bean name 'entityManagerFactory' via factory method to bean named 'entityManagerFactoryBuilder'
2024-04-30T01:06:03.327+03:00 DEBUG 22068 --- [ecotracker-back] [           main] o.s.b.f.s.DefaultListableBeanFactory     : Autowiring by type from bean name 'entityManagerFactory' via factory method to bean named 'persistenceManagedTypes'
2024-04-30T01:06:03.348+03:00 DEBUG 22068 --- [ecotracker-back] [           main] o.s.jdbc.datasource.DataSourceUtils      : Fetching JDBC Connection from DataSource
2024-04-30T01:06:03.349+03:00 DEBUG 22068 --- [ecotracker-back] [           main] com.zaxxer.hikari.HikariConfig           : HikariPool-1 - configuration:
2024-04-30T01:06:03.356+03:00 DEBUG 22068 --- [ecotracker-back] [           main] com.zaxxer.hikari.HikariConfig           : allowPoolSuspension.............false
2024-04-30T01:06:03.356+03:00 DEBUG 22068 --- [ecotracker-back] [           main] com.zaxxer.hikari.HikariConfig           : autoCommit......................true
2024-04-30T01:06:03.356+03:00 DEBUG 22068 --- [ecotracker-back] [           main] com.zaxxer.hikari.HikariConfig           : catalog.........................none
2024-04-30T01:06:03.356+03:00 DEBUG 22068 --- [ecotracker-back] [           main] com.zaxxer.hikari.HikariConfig           : connectionInitSql...............none
2024-04-30T01:06:03.357+03:00 DEBUG 22068 --- [ecotracker-back] [           main] com.zaxxer.hikari.HikariConfig           : connectionTestQuery.............none
2024-04-30T01:06:03.357+03:00 DEBUG 22068 --- [ecotracker-back] [           main] com.zaxxer.hikari.HikariConfig           : connectionTimeout...............30000
2024-04-30T01:06:03.357+03:00 DEBUG 22068 --- [ecotracker-back] [           main] com.zaxxer.hikari.HikariConfig           : dataSource......................none
2024-04-30T01:06:03.357+03:00 DEBUG 22068 --- [ecotracker-back] [           main] com.zaxxer.hikari.HikariConfig           : dataSourceClassName.............none
2024-04-30T01:06:03.357+03:00 DEBUG 22068 --- [ecotracker-back] [           main] com.zaxxer.hikari.HikariConfig           : dataSourceJNDI..................none
2024-04-30T01:06:03.357+03:00 DEBUG 22068 --- [ecotracker-back] [           main] com.zaxxer.hikari.HikariConfig           : dataSourceProperties............{password=<masked>}
2024-04-30T01:06:03.358+03:00 DEBUG 22068 --- [ecotracker-back] [           main] com.zaxxer.hikari.HikariConfig           : driverClassName................."org.h2.Driver"
2024-04-30T01:06:03.358+03:00 DEBUG 22068 --- [ecotracker-back] [           main] com.zaxxer.hikari.HikariConfig           : exceptionOverrideClassName......none
2024-04-30T01:06:03.358+03:00 DEBUG 22068 --- [ecotracker-back] [           main] com.zaxxer.hikari.HikariConfig           : healthCheckProperties...........{}
2024-04-30T01:06:03.358+03:00 DEBUG 22068 --- [ecotracker-back] [           main] com.zaxxer.hikari.HikariConfig           : healthCheckRegistry.............none
2024-04-30T01:06:03.358+03:00 DEBUG 22068 --- [ecotracker-back] [           main] com.zaxxer.hikari.HikariConfig           : idleTimeout.....................600000
2024-04-30T01:06:03.358+03:00 DEBUG 22068 --- [ecotracker-back] [           main] com.zaxxer.hikari.HikariConfig           : initializationFailTimeout.......1
2024-04-30T01:06:03.358+03:00 DEBUG 22068 --- [ecotracker-back] [           main] com.zaxxer.hikari.HikariConfig           : isolateInternalQueries..........false
2024-04-30T01:06:03.358+03:00 DEBUG 22068 --- [ecotracker-back] [           main] com.zaxxer.hikari.HikariConfig           : jdbcUrl.........................jdbc:h2:mem:testdb
2024-04-30T01:06:03.359+03:00 DEBUG 22068 --- [ecotracker-back] [           main] com.zaxxer.hikari.HikariConfig           : keepaliveTime...................0
2024-04-30T01:06:03.359+03:00 DEBUG 22068 --- [ecotracker-back] [           main] com.zaxxer.hikari.HikariConfig           : leakDetectionThreshold..........0
2024-04-30T01:06:03.359+03:00 DEBUG 22068 --- [ecotracker-back] [           main] com.zaxxer.hikari.HikariConfig           : maxLifetime.....................1800000
2024-04-30T01:06:03.359+03:00 DEBUG 22068 --- [ecotracker-back] [           main] com.zaxxer.hikari.HikariConfig           : maximumPoolSize.................10
2024-04-30T01:06:03.359+03:00 DEBUG 22068 --- [ecotracker-back] [           main] com.zaxxer.hikari.HikariConfig           : metricRegistry..................none
2024-04-30T01:06:03.359+03:00 DEBUG 22068 --- [ecotracker-back] [           main] com.zaxxer.hikari.HikariConfig           : metricsTrackerFactory...........none
2024-04-30T01:06:03.359+03:00 DEBUG 22068 --- [ecotracker-back] [           main] com.zaxxer.hikari.HikariConfig           : minimumIdle.....................10
2024-04-30T01:06:03.359+03:00 DEBUG 22068 --- [ecotracker-back] [           main] com.zaxxer.hikari.HikariConfig           : password........................<masked>
2024-04-30T01:06:03.359+03:00 DEBUG 22068 --- [ecotracker-back] [           main] com.zaxxer.hikari.HikariConfig           : poolName........................"HikariPool-1"
2024-04-30T01:06:03.359+03:00 DEBUG 22068 --- [ecotracker-back] [           main] com.zaxxer.hikari.HikariConfig           : readOnly........................false
2024-04-30T01:06:03.360+03:00 DEBUG 22068 --- [ecotracker-back] [           main] com.zaxxer.hikari.HikariConfig           : registerMbeans..................false
2024-04-30T01:06:03.360+03:00 DEBUG 22068 --- [ecotracker-back] [           main] com.zaxxer.hikari.HikariConfig           : scheduledExecutor...............none
2024-04-30T01:06:03.360+03:00 DEBUG 22068 --- [ecotracker-back] [           main] com.zaxxer.hikari.HikariConfig           : schema..........................none
2024-04-30T01:06:03.360+03:00 DEBUG 22068 --- [ecotracker-back] [           main] com.zaxxer.hikari.HikariConfig           : threadFactory...................internal
2024-04-30T01:06:03.360+03:00 DEBUG 22068 --- [ecotracker-back] [           main] com.zaxxer.hikari.HikariConfig           : transactionIsolation............default
2024-04-30T01:06:03.360+03:00 DEBUG 22068 --- [ecotracker-back] [           main] com.zaxxer.hikari.HikariConfig           : username........................"sa"
2024-04-30T01:06:03.360+03:00 DEBUG 22068 --- [ecotracker-back] [           main] com.zaxxer.hikari.HikariConfig           : validationTimeout...............5000
2024-04-30T01:06:03.360+03:00  INFO 22068 --- [ecotracker-back] [           main] com.zaxxer.hikari.HikariDataSource       : HikariPool-1 - Starting...
2024-04-30T01:06:03.496+03:00  INFO 22068 --- [ecotracker-back] [           main] com.zaxxer.hikari.pool.HikariPool        : HikariPool-1 - Added connection conn0: url=jdbc:h2:mem:testdb user=SA
2024-04-30T01:06:03.497+03:00  INFO 22068 --- [ecotracker-back] [           main] com.zaxxer.hikari.HikariDataSource       : HikariPool-1 - Start completed.
2024-04-30T01:06:03.537+03:00 DEBUG 22068 --- [ecotracker-back] [           main] j.LocalContainerEntityManagerFactoryBean : Building JPA container EntityManagerFactory for persistence unit 'default'
2024-04-30T01:06:03.556+03:00 DEBUG 22068 --- [ecotracker-back] [           main] o.hibernate.jpa.internal.util.LogHelper  : PersistenceUnitInfo [
	name: default
	persistence provider classname: null
	classloader: jdk.internal.loader.ClassLoaders$AppClassLoader@73d16e93
	excludeUnlistedClasses: true
	JTA datasource: null
	Non JTA datasource: HikariDataSource (HikariPool-1)
	Transaction type: RESOURCE_LOCAL
	PU root URL: file:/D:/IdeaProjects/ecotracker-back/target/test-classes/
	Shared Cache Mode: UNSPECIFIED
	Validation Mode: AUTO
	Jar files URLs []
	Managed classes names [
		bondar.iot.ecotrackerback.model.AudioData
		bondar.iot.ecotrackerback.model.LightData
		bondar.iot.ecotrackerback.model.Subscription]
	Mapping files names []
	Properties []
2024-04-30T01:06:03.563+03:00 DEBUG 22068 --- [ecotracker-back] [           main] o.h.i.internal.IntegratorServiceImpl     : Adding Integrator [org.hibernate.boot.beanvalidation.BeanValidationIntegrator].
2024-04-30T01:06:03.564+03:00 DEBUG 22068 --- [ecotracker-back] [           main] o.h.i.internal.IntegratorServiceImpl     : Adding Integrator [org.hibernate.cache.internal.CollectionCacheInvalidator].
2024-04-30T01:06:03.600+03:00  INFO 22068 --- [ecotracker-back] [           main] org.hibernate.Version                    : HHH000412: Hibernate ORM core version 6.4.4.Final
2024-04-30T01:06:03.605+03:00 DEBUG 22068 --- [ecotracker-back] [l-1 housekeeper] com.zaxxer.hikari.pool.HikariPool        : HikariPool-1 - Pool stats (total=1, active=0, idle=1, waiting=0)
2024-04-30T01:06:03.606+03:00 DEBUG 22068 --- [ecotracker-back] [           main] org.hibernate.cfg.Environment            : HHH000206: 'hibernate.properties' not found
2024-04-30T01:06:03.607+03:00 DEBUG 22068 --- [ecotracker-back] [onnection adder] com.zaxxer.hikari.pool.HikariPool        : HikariPool-1 - Added connection conn1: url=jdbc:h2:mem:testdb user=SA
2024-04-30T01:06:03.629+03:00 DEBUG 22068 --- [ecotracker-back] [           main] org.hibernate.orm.idgen.factory          : Registering IdentifierGenerator strategy [uuid2] -> [org.hibernate.id.UUIDGenerator]
2024-04-30T01:06:03.630+03:00 DEBUG 22068 --- [ecotracker-back] [           main] org.hibernate.orm.idgen.factory          : Registering IdentifierGenerator strategy [guid] -> [org.hibernate.id.GUIDGenerator]
2024-04-30T01:06:03.631+03:00 DEBUG 22068 --- [ecotracker-back] [           main] org.hibernate.orm.idgen.factory          : Registering IdentifierGenerator strategy [uuid] -> [org.hibernate.id.UUIDHexGenerator]
2024-04-30T01:06:03.631+03:00 DEBUG 22068 --- [ecotracker-back] [           main] org.hibernate.orm.idgen.factory          : Registering IdentifierGenerator strategy [uuid.hex] -> [org.hibernate.id.UUIDHexGenerator]
2024-04-30T01:06:03.632+03:00 DEBUG 22068 --- [ecotracker-back] [           main] org.hibernate.orm.idgen.factory          : Registering IdentifierGenerator strategy [assigned] -> [org.hibernate.id.Assigned]
2024-04-30T01:06:03.633+03:00 DEBUG 22068 --- [ecotracker-back] [onnection adder] com.zaxxer.hikari.pool.HikariPool        : HikariPool-1 - Added connection conn2: url=jdbc:h2:mem:testdb user=SA
2024-04-30T01:06:03.633+03:00 DEBUG 22068 --- [ecotracker-back] [           main] org.hibernate.orm.idgen.factory          : Registering IdentifierGenerator strategy [identity] -> [org.hibernate.id.IdentityGenerator]
2024-04-30T01:06:03.633+03:00 DEBUG 22068 --- [ecotracker-back] [           main] org.hibernate.orm.idgen.factory          : Registering IdentifierGenerator strategy [select] -> [org.hibernate.id.SelectGenerator]
2024-04-30T01:06:03.634+03:00 DEBUG 22068 --- [ecotracker-back] [           main] org.hibernate.orm.idgen.factory          : Registering IdentifierGenerator strategy [sequence] -> [org.hibernate.id.enhanced.SequenceStyleGenerator]
2024-04-30T01:06:03.635+03:00 DEBUG 22068 --- [ecotracker-back] [           main] org.hibernate.orm.idgen.factory          : Registering IdentifierGenerator strategy [increment] -> [org.hibernate.id.IncrementGenerator]
2024-04-30T01:06:03.635+03:00 DEBUG 22068 --- [ecotracker-back] [           main] org.hibernate.orm.idgen.factory          : Registering IdentifierGenerator strategy [foreign] -> [org.hibernate.id.ForeignGenerator]
2024-04-30T01:06:03.635+03:00 DEBUG 22068 --- [ecotracker-back] [           main] org.hibernate.orm.idgen.factory          : Registering IdentifierGenerator strategy [enhanced-sequence] -> [org.hibernate.id.enhanced.SequenceStyleGenerator]
2024-04-30T01:06:03.636+03:00 DEBUG 22068 --- [ecotracker-back] [           main] org.hibernate.orm.idgen.factory          : Registering IdentifierGenerator strategy [enhanced-table] -> [org.hibernate.id.enhanced.TableGenerator]
2024-04-30T01:06:03.640+03:00 DEBUG 22068 --- [ecotracker-back] [           main] o.h.c.internal.RegionFactoryInitiator    : Cannot default RegionFactory based on registered strategies as `[]` RegionFactory strategies were registered
2024-04-30T01:06:03.641+03:00  INFO 22068 --- [ecotracker-back] [           main] o.h.c.internal.RegionFactoryInitiator    : HHH000026: Second-level cache disabled
2024-04-30T01:06:03.649+03:00 DEBUG 22068 --- [ecotracker-back] [onnection adder] com.zaxxer.hikari.pool.HikariPool        : HikariPool-1 - Added connection conn3: url=jdbc:h2:mem:testdb user=SA
2024-04-30T01:06:03.664+03:00 DEBUG 22068 --- [ecotracker-back] [onnection adder] com.zaxxer.hikari.pool.HikariPool        : HikariPool-1 - Added connection conn4: url=jdbc:h2:mem:testdb user=SA
2024-04-30T01:06:03.680+03:00 DEBUG 22068 --- [ecotracker-back] [onnection adder] com.zaxxer.hikari.pool.HikariPool        : HikariPool-1 - Added connection conn5: url=jdbc:h2:mem:testdb user=SA
2024-04-30T01:06:03.696+03:00 DEBUG 22068 --- [ecotracker-back] [onnection adder] com.zaxxer.hikari.pool.HikariPool        : HikariPool-1 - Added connection conn6: url=jdbc:h2:mem:testdb user=SA
2024-04-30T01:06:03.712+03:00 DEBUG 22068 --- [ecotracker-back] [onnection adder] com.zaxxer.hikari.pool.HikariPool        : HikariPool-1 - Added connection conn7: url=jdbc:h2:mem:testdb user=SA
2024-04-30T01:06:03.728+03:00 DEBUG 22068 --- [ecotracker-back] [onnection adder] com.zaxxer.hikari.pool.HikariPool        : HikariPool-1 - Added connection conn8: url=jdbc:h2:mem:testdb user=SA
2024-04-30T01:06:03.744+03:00 DEBUG 22068 --- [ecotracker-back] [onnection adder] com.zaxxer.hikari.pool.HikariPool        : HikariPool-1 - Added connection conn9: url=jdbc:h2:mem:testdb user=SA
2024-04-30T01:06:03.759+03:00 DEBUG 22068 --- [ecotracker-back] [onnection adder] com.zaxxer.hikari.pool.HikariPool        : HikariPool-1 - After adding stats (total=10, active=0, idle=10, waiting=0)
2024-04-30T01:06:03.769+03:00 DEBUG 22068 --- [ecotracker-back] [           main] org.hibernate.type.BasicTypeRegistry     : Adding type registration boolean -> org.hibernate.type.BasicTypeReference@19002b34
2024-04-30T01:06:03.769+03:00 DEBUG 22068 --- [ecotracker-back] [           main] org.hibernate.type.BasicTypeRegistry     : Adding type registration boolean -> org.hibernate.type.BasicTypeReference@19002b34
2024-04-30T01:06:03.769+03:00 DEBUG 22068 --- [ecotracker-back] [           main] org.hibernate.type.BasicTypeRegistry     : Adding type registration java.lang.Boolean -> org.hibernate.type.BasicTypeReference@19002b34
2024-04-30T01:06:03.769+03:00 DEBUG 22068 --- [ecotracker-back] [           main] org.hibernate.type.BasicTypeRegistry     : Adding type registration numeric_boolean -> org.hibernate.type.BasicTypeReference@1ec88aa1
2024-04-30T01:06:03.769+03:00 DEBUG 22068 --- [ecotracker-back] [           main] org.hibernate.type.BasicTypeRegistry     : Adding type registration org.hibernate.type.NumericBooleanConverter -> org.hibernate.type.BasicTypeReference@1ec88aa1
2024-04-30T01:06:03.769+03:00 DEBUG 22068 --- [ecotracker-back] [           main] org.hibernate.type.BasicTypeRegistry     : Adding type registration true_false -> org.hibernate.type.BasicTypeReference@3e6748ae
2024-04-30T01:06:03.769+03:00 DEBUG 22068 --- [ecotracker-back] [           main] org.hibernate.type.BasicTypeRegistry     : Adding type registration org.hibernate.type.TrueFalseConverter -> org.hibernate.type.BasicTypeReference@3e6748ae
2024-04-30T01:06:03.769+03:00 DEBUG 22068 --- [ecotracker-back] [           main] org.hibernate.type.BasicTypeRegistry     : Adding type registration yes_no -> org.hibernate.type.BasicTypeReference@28f154cc
2024-04-30T01:06:03.769+03:00 DEBUG 22068 --- [ecotracker-back] [           main] org.hibernate.type.BasicTypeRegistry     : Adding type registration org.hibernate.type.YesNoConverter -> org.hibernate.type.BasicTypeReference@28f154cc
2024-04-30T01:06:03.769+03:00 DEBUG 22068 --- [ecotracker-back] [           main] org.hibernate.type.BasicTypeRegistry     : Adding type registration byte -> org.hibernate.type.BasicTypeReference@3030836d
2024-04-30T01:06:03.769+03:00 DEBUG 22068 --- [ecotracker-back] [           main] org.hibernate.type.BasicTypeRegistry     : Adding type registration byte -> org.hibernate.type.BasicTypeReference@3030836d
2024-04-30T01:06:03.769+03:00 DEBUG 22068 --- [ecotracker-back] [           main] org.hibernate.type.BasicTypeRegistry     : Adding type registration java.lang.Byte -> org.hibernate.type.BasicTypeReference@3030836d
2024-04-30T01:06:03.769+03:00 DEBUG 22068 --- [ecotracker-back] [           main] org.hibernate.type.BasicTypeRegistry     : Adding type registration binary -> org.hibernate.type.BasicTypeReference@6af78a48
2024-04-30T01:06:03.770+03:00 DEBUG 22068 --- [ecotracker-back] [           main] org.hibernate.type.BasicTypeRegistry     : Adding type registration byte[] -> org.hibernate.type.BasicTypeReference@6af78a48
2024-04-30T01:06:03.770+03:00 DEBUG 22068 --- [ecotracker-back] [           main] org.hibernate.type.BasicTypeRegistry     : Adding type registration [B -> org.hibernate.type.BasicTypeReference@6af78a48
2024-04-30T01:06:03.770+03:00 DEBUG 22068 --- [ecotracker-back] [           main] org.hibernate.type.BasicTypeRegistry     : Adding type registration binary_wrapper -> org.hibernate.type.BasicTypeReference@6ed18d80
2024-04-30T01:06:03.770+03:00 DEBUG 22068 --- [ecotracker-back] [           main] org.hibernate.type.BasicTypeRegistry     : Adding type registration wrapper-binary -> org.hibernate.type.BasicTypeReference@6ed18d80
2024-04-30T01:06:03.770+03:00 DEBUG 22068 --- [ecotracker-back] [           main] org.hibernate.type.BasicTypeRegistry     : Adding type registration image -> org.hibernate.type.BasicTypeReference@4c24f3a2
2024-04-30T01:06:03.770+03:00 DEBUG 22068 --- [ecotracker-back] [           main] org.hibernate.type.BasicTypeRegistry     : Adding type registration blob -> org.hibernate.type.BasicTypeReference@783b3aa0
2024-04-30T01:06:03.770+03:00 DEBUG 22068 --- [ecotracker-back] [           main] org.hibernate.type.BasicTypeRegistry     : Adding type registration java.sql.Blob -> org.hibernate.type.BasicTypeReference@783b3aa0
2024-04-30T01:06:03.770+03:00 DEBUG 22068 --- [ecotracker-back] [           main] org.hibernate.type.BasicTypeRegistry     : Adding type registration materialized_blob -> org.hibernate.type.BasicTypeReference@2ec85a25
2024-04-30T01:06:03.770+03:00 DEBUG 22068 --- [ecotracker-back] [           main] org.hibernate.type.BasicTypeRegistry     : Adding type registration materialized_blob_wrapper -> org.hibernate.type.BasicTypeReference@4c176ff1
2024-04-30T01:06:03.770+03:00 DEBUG 22068 --- [ecotracker-back] [           main] org.hibernate.type.BasicTypeRegistry     : Adding type registration short -> org.hibernate.type.BasicTypeReference@27c53c32
2024-04-30T01:06:03.770+03:00 DEBUG 22068 --- [ecotracker-back] [           main] org.hibernate.type.BasicTypeRegistry     : Adding type registration short -> org.hibernate.type.BasicTypeReference@27c53c32
2024-04-30T01:06:03.770+03:00 DEBUG 22068 --- [ecotracker-back] [           main] org.hibernate.type.BasicTypeRegistry     : Adding type registration java.lang.Short -> org.hibernate.type.BasicTypeReference@27c53c32
2024-04-30T01:06:03.770+03:00 DEBUG 22068 --- [ecotracker-back] [           main] org.hibernate.type.BasicTypeRegistry     : Adding type registration integer -> org.hibernate.type.BasicTypeReference@68aec50
2024-04-30T01:06:03.770+03:00 DEBUG 22068 --- [ecotracker-back] [           main] org.hibernate.type.BasicTypeRegistry     : Adding type registration int -> org.hibernate.type.BasicTypeReference@68aec50
2024-04-30T01:06:03.770+03:00 DEBUG 22068 --- [ecotracker-back] [           main] org.hibernate.type.BasicTypeRegistry     : Adding type registration java.lang.Integer -> org.hibernate.type.BasicTypeReference@68aec50
2024-04-30T01:06:03.770+03:00 DEBUG 22068 --- [ecotracker-back] [           main] org.hibernate.type.BasicTypeRegistry     : Adding type registration long -> org.hibernate.type.BasicTypeReference@6aff97d6
2024-04-30T01:06:03.770+03:00 DEBUG 22068 --- [ecotracker-back] [           main] org.hibernate.type.BasicTypeRegistry     : Adding type registration long -> org.hibernate.type.BasicTypeReference@6aff97d6
2024-04-30T01:06:03.770+03:00 DEBUG 22068 --- [ecotracker-back] [           main] org.hibernate.type.BasicTypeRegistry     : Adding type registration java.lang.Long -> org.hibernate.type.BasicTypeReference@6aff97d6
2024-04-30T01:06:03.770+03:00 DEBUG 22068 --- [ecotracker-back] [           main] org.hibernate.type.BasicTypeRegistry     : Adding type registration float -> org.hibernate.type.BasicTypeReference@1d60059f
2024-04-30T01:06:03.770+03:00 DEBUG 22068 --- [ecotracker-back] [           main] org.hibernate.type.BasicTypeRegistry     : Adding type registration float -> org.hibernate.type.BasicTypeReference@1d60059f
2024-04-30T01:06:03.770+03:00 DEBUG 22068 --- [ecotracker-back] [           main] org.hibernate.type.BasicTypeRegistry     : Adding type registration java.lang.Float -> org.hibernate.type.BasicTypeReference@1d60059f
2024-04-30T01:06:03.770+03:00 DEBUG 22068 --- [ecotracker-back] [           main] org.hibernate.type.BasicTypeRegistry     : Adding type registration double -> org.hibernate.type.BasicTypeReference@134a8ead
2024-04-30T01:06:03.770+03:00 DEBUG 22068 --- [ecotracker-back] [           main] org.hibernate.type.BasicTypeRegistry     : Adding type registration double -> org.hibernate.type.BasicTypeReference@134a8ead
2024-04-30T01:06:03.771+03:00 DEBUG 22068 --- [ecotracker-back] [           main] org.hibernate.type.BasicTypeRegistry     : Adding type registration java.lang.Double -> org.hibernate.type.BasicTypeReference@134a8ead
2024-04-30T01:06:03.771+03:00 DEBUG 22068 --- [ecotracker-back] [           main] org.hibernate.type.BasicTypeRegistry     : Adding type registration big_integer -> org.hibernate.type.BasicTypeReference@427308f8
2024-04-30T01:06:03.771+03:00 DEBUG 22068 --- [ecotracker-back] [           main] org.hibernate.type.BasicTypeRegistry     : Adding type registration java.math.BigInteger -> org.hibernate.type.BasicTypeReference@427308f8
2024-04-30T01:06:03.771+03:00 DEBUG 22068 --- [ecotracker-back] [           main] org.hibernate.type.BasicTypeRegistry     : Adding type registration big_decimal -> org.hibernate.type.BasicTypeReference@54247647
2024-04-30T01:06:03.771+03:00 DEBUG 22068 --- [ecotracker-back] [           main] org.hibernate.type.BasicTypeRegistry     : Adding type registration java.math.BigDecimal -> org.hibernate.type.BasicTypeReference@54247647
2024-04-30T01:06:03.771+03:00 DEBUG 22068 --- [ecotracker-back] [           main] org.hibernate.type.BasicTypeRegistry     : Adding type registration character -> org.hibernate.type.BasicTypeReference@4975dda1
2024-04-30T01:06:03.771+03:00 DEBUG 22068 --- [ecotracker-back] [           main] org.hibernate.type.BasicTypeRegistry     : Adding type registration char -> org.hibernate.type.BasicTypeReference@4975dda1
2024-04-30T01:06:03.771+03:00 DEBUG 22068 --- [ecotracker-back] [           main] org.hibernate.type.BasicTypeRegistry     : Adding type registration java.lang.Character -> org.hibernate.type.BasicTypeReference@4975dda1
2024-04-30T01:06:03.771+03:00 DEBUG 22068 --- [ecotracker-back] [           main] org.hibernate.type.BasicTypeRegistry     : Adding type registration character_nchar -> org.hibernate.type.BasicTypeReference@e0d1dc4
2024-04-30T01:06:03.771+03:00 DEBUG 22068 --- [ecotracker-back] [           main] org.hibernate.type.BasicTypeRegistry     : Adding type registration string -> org.hibernate.type.BasicTypeReference@5463f035
2024-04-30T01:06:03.771+03:00 DEBUG 22068 --- [ecotracker-back] [           main] org.hibernate.type.BasicTypeRegistry     : Adding type registration java.lang.String -> org.hibernate.type.BasicTypeReference@5463f035
2024-04-30T01:06:03.771+03:00 DEBUG 22068 --- [ecotracker-back] [           main] org.hibernate.type.BasicTypeRegistry     : Adding type registration nstring -> org.hibernate.type.BasicTypeReference@230232b0
2024-04-30T01:06:03.772+03:00 DEBUG 22068 --- [ecotracker-back] [           main] org.hibernate.type.BasicTypeRegistry     : Adding type registration characters -> org.hibernate.type.BasicTypeReference@44fd7ba4
2024-04-30T01:06:03.772+03:00 DEBUG 22068 --- [ecotracker-back] [           main] org.hibernate.type.BasicTypeRegistry     : Adding type registration char[] -> org.hibernate.type.BasicTypeReference@44fd7ba4
2024-04-30T01:06:03.772+03:00 DEBUG 22068 --- [ecotracker-back] [           main] org.hibernate.type.BasicTypeRegistry     : Adding type registration [C -> org.hibernate.type.BasicTypeReference@44fd7ba4
2024-04-30T01:06:03.772+03:00 DEBUG 22068 --- [ecotracker-back] [           main] org.hibernate.type.BasicTypeRegistry     : Adding type registration wrapper-characters -> org.hibernate.type.BasicTypeReference@22f8adc2
2024-04-30T01:06:03.772+03:00 DEBUG 22068 --- [ecotracker-back] [           main] org.hibernate.type.BasicTypeRegistry     : Adding type registration text -> org.hibernate.type.BasicTypeReference@69d103f0
2024-04-30T01:06:03.772+03:00 DEBUG 22068 --- [ecotracker-back] [           main] org.hibernate.type.BasicTypeRegistry     : Adding type registration ntext -> org.hibernate.type.BasicTypeReference@5b742bc8
2024-04-30T01:06:03.772+03:00 DEBUG 22068 --- [ecotracker-back] [           main] org.hibernate.type.BasicTypeRegistry     : Adding type registration clob -> org.hibernate.type.BasicTypeReference@74fb5b59
2024-04-30T01:06:03.772+03:00 DEBUG 22068 --- [ecotracker-back] [           main] org.hibernate.type.BasicTypeRegistry     : Adding type registration java.sql.Clob -> org.hibernate.type.BasicTypeReference@74fb5b59
2024-04-30T01:06:03.772+03:00 DEBUG 22068 --- [ecotracker-back] [           main] org.hibernate.type.BasicTypeRegistry     : Adding type registration nclob -> org.hibernate.type.BasicTypeReference@130a6eb9
2024-04-30T01:06:03.772+03:00 DEBUG 22068 --- [ecotracker-back] [           main] org.hibernate.type.BasicTypeRegistry     : Adding type registration java.sql.NClob -> org.hibernate.type.BasicTypeReference@130a6eb9
2024-04-30T01:06:03.772+03:00 DEBUG 22068 --- [ecotracker-back] [           main] org.hibernate.type.BasicTypeRegistry     : Adding type registration materialized_clob -> org.hibernate.type.BasicTypeReference@722531ab
2024-04-30T01:06:03.772+03:00 DEBUG 22068 --- [ecotracker-back] [           main] org.hibernate.type.BasicTypeRegistry     : Adding type registration materialized_clob_char_array -> org.hibernate.type.BasicTypeReference@8f57e4c
2024-04-30T01:06:03.772+03:00 DEBUG 22068 --- [ecotracker-back] [           main] org.hibernate.type.BasicTypeRegistry     : Adding type registration materialized_clob_character_array -> org.hibernate.type.BasicTypeReference@26fadd98
2024-04-30T01:06:03.772+03:00 DEBUG 22068 --- [ecotracker-back] [           main] org.hibernate.type.BasicTypeRegistry     : Adding type registration materialized_nclob -> org.hibernate.type.BasicTypeReference@66451058
2024-04-30T01:06:03.772+03:00 DEBUG 22068 --- [ecotracker-back] [           main] org.hibernate.type.BasicTypeRegistry     : Adding type registration materialized_nclob_character_array -> org.hibernate.type.BasicTypeReference@3db6dd52
2024-04-30T01:06:03.772+03:00 DEBUG 22068 --- [ecotracker-back] [           main] org.hibernate.type.BasicTypeRegistry     : Adding type registration materialized_nclob_char_array -> org.hibernate.type.BasicTypeReference@1e92c3b6
2024-04-30T01:06:03.772+03:00 DEBUG 22068 --- [ecotracker-back] [           main] org.hibernate.type.BasicTypeRegistry     : Adding type registration Duration -> org.hibernate.type.BasicTypeReference@6ef4cbe1
2024-04-30T01:06:03.772+03:00 DEBUG 22068 --- [ecotracker-back] [           main] org.hibernate.type.BasicTypeRegistry     : Adding type registration java.time.Duration -> org.hibernate.type.BasicTypeReference@6ef4cbe1
2024-04-30T01:06:03.772+03:00 DEBUG 22068 --- [ecotracker-back] [           main] org.hibernate.type.BasicTypeRegistry     : Adding type registration LocalDateTime -> org.hibernate.type.BasicTypeReference@207dd1b7
2024-04-30T01:06:03.772+03:00 DEBUG 22068 --- [ecotracker-back] [           main] org.hibernate.type.BasicTypeRegistry     : Adding type registration java.time.LocalDateTime -> org.hibernate.type.BasicTypeReference@207dd1b7
2024-04-30T01:06:03.772+03:00 DEBUG 22068 --- [ecotracker-back] [           main] org.hibernate.type.BasicTypeRegistry     : Adding type registration LocalDate -> org.hibernate.type.BasicTypeReference@2baac4a7
2024-04-30T01:06:03.772+03:00 DEBUG 22068 --- [ecotracker-back] [           main] org.hibernate.type.BasicTypeRegistry     : Adding type registration java.time.LocalDate -> org.hibernate.type.BasicTypeReference@2baac4a7
2024-04-30T01:06:03.772+03:00 DEBUG 22068 --- [ecotracker-back] [           main] org.hibernate.type.BasicTypeRegistry     : Adding type registration LocalTime -> org.hibernate.type.BasicTypeReference@23ad2d17
2024-04-30T01:06:03.773+03:00 DEBUG 22068 --- [ecotracker-back] [           main] org.hibernate.type.BasicTypeRegistry     : Adding type registration java.time.LocalTime -> org.hibernate.type.BasicTypeReference@23ad2d17
2024-04-30T01:06:03.773+03:00 DEBUG 22068 --- [ecotracker-back] [           main] org.hibernate.type.BasicTypeRegistry     : Adding type registration OffsetDateTime -> org.hibernate.type.BasicTypeReference@6bce4140
2024-04-30T01:06:03.773+03:00 DEBUG 22068 --- [ecotracker-back] [           main] org.hibernate.type.BasicTypeRegistry     : Adding type registration java.time.OffsetDateTime -> org.hibernate.type.BasicTypeReference@6bce4140
2024-04-30T01:06:03.773+03:00 DEBUG 22068 --- [ecotracker-back] [           main] org.hibernate.type.BasicTypeRegistry     : Adding type registration OffsetDateTimeWithTimezone -> org.hibernate.type.BasicTypeReference@25f0c5e7
2024-04-30T01:06:03.773+03:00 DEBUG 22068 --- [ecotracker-back] [           main] org.hibernate.type.BasicTypeRegistry     : Adding type registration OffsetDateTimeWithoutTimezone -> org.hibernate.type.BasicTypeReference@5882b202
2024-04-30T01:06:03.773+03:00 DEBUG 22068 --- [ecotracker-back] [           main] org.hibernate.type.BasicTypeRegistry     : Adding type registration OffsetTime -> org.hibernate.type.BasicTypeReference@120df990
2024-04-30T01:06:03.773+03:00 DEBUG 22068 --- [ecotracker-back] [           main] org.hibernate.type.BasicTypeRegistry     : Adding type registration java.time.OffsetTime -> org.hibernate.type.BasicTypeReference@120df990
2024-04-30T01:06:03.773+03:00 DEBUG 22068 --- [ecotracker-back] [           main] org.hibernate.type.BasicTypeRegistry     : Adding type registration OffsetTimeUtc -> org.hibernate.type.BasicTypeReference@b506ed0
2024-04-30T01:06:03.773+03:00 DEBUG 22068 --- [ecotracker-back] [           main] org.hibernate.type.BasicTypeRegistry     : Adding type registration OffsetTimeWithTimezone -> org.hibernate.type.BasicTypeReference@282c4da0
2024-04-30T01:06:03.773+03:00 DEBUG 22068 --- [ecotracker-back] [           main] org.hibernate.type.BasicTypeRegistry     : Adding type registration OffsetTimeWithoutTimezone -> org.hibernate.type.BasicTypeReference@65f3e805
2024-04-30T01:06:03.773+03:00 DEBUG 22068 --- [ecotracker-back] [           main] org.hibernate.type.BasicTypeRegistry     : Adding type registration ZonedDateTime -> org.hibernate.type.BasicTypeReference@18cf5c52
2024-04-30T01:06:03.773+03:00 DEBUG 22068 --- [ecotracker-back] [           main] org.hibernate.type.BasicTypeRegistry     : Adding type registration java.time.ZonedDateTime -> org.hibernate.type.BasicTypeReference@18cf5c52
2024-04-30T01:06:03.773+03:00 DEBUG 22068 --- [ecotracker-back] [           main] org.hibernate.type.BasicTypeRegistry     : Adding type registration ZonedDateTimeWithTimezone -> org.hibernate.type.BasicTypeReference@10618775
2024-04-30T01:06:03.773+03:00 DEBUG 22068 --- [ecotracker-back] [           main] org.hibernate.type.BasicTypeRegistry     : Adding type registration ZonedDateTimeWithoutTimezone -> org.hibernate.type.BasicTypeReference@5aea8994
2024-04-30T01:06:03.774+03:00 DEBUG 22068 --- [ecotracker-back] [           main] org.hibernate.type.BasicTypeRegistry     : Adding type registration date -> org.hibernate.type.BasicTypeReference@20a3e10c
2024-04-30T01:06:03.774+03:00 DEBUG 22068 --- [ecotracker-back] [           main] org.hibernate.type.BasicTypeRegistry     : Adding type registration java.sql.Date -> org.hibernate.type.BasicTypeReference@20a3e10c
2024-04-30T01:06:03.774+03:00 DEBUG 22068 --- [ecotracker-back] [           main] org.hibernate.type.BasicTypeRegistry     : Adding type registration time -> org.hibernate.type.BasicTypeReference@426c0486
2024-04-30T01:06:03.774+03:00 DEBUG 22068 --- [ecotracker-back] [           main] org.hibernate.type.BasicTypeRegistry     : Adding type registration java.sql.Time -> org.hibernate.type.BasicTypeReference@426c0486
2024-04-30T01:06:03.774+03:00 DEBUG 22068 --- [ecotracker-back] [           main] org.hibernate.type.BasicTypeRegistry     : Adding type registration timestamp -> org.hibernate.type.BasicTypeReference@5e2a6991
2024-04-30T01:06:03.774+03:00 DEBUG 22068 --- [ecotracker-back] [           main] org.hibernate.type.BasicTypeRegistry     : Adding type registration java.sql.Timestamp -> org.hibernate.type.BasicTypeReference@5e2a6991
2024-04-30T01:06:03.774+03:00 DEBUG 22068 --- [ecotracker-back] [           main] org.hibernate.type.BasicTypeRegistry     : Adding type registration java.util.Date -> org.hibernate.type.BasicTypeReference@5e2a6991
2024-04-30T01:06:03.774+03:00 DEBUG 22068 --- [ecotracker-back] [           main] org.hibernate.type.BasicTypeRegistry     : Adding type registration calendar -> org.hibernate.type.BasicTypeReference@5002fde9
2024-04-30T01:06:03.774+03:00 DEBUG 22068 --- [ecotracker-back] [           main] org.hibernate.type.BasicTypeRegistry     : Adding type registration java.util.Calendar -> org.hibernate.type.BasicTypeReference@5002fde9
2024-04-30T01:06:03.774+03:00 DEBUG 22068 --- [ecotracker-back] [           main] org.hibernate.type.BasicTypeRegistry     : Adding type registration java.util.GregorianCalendar -> org.hibernate.type.BasicTypeReference@5002fde9
2024-04-30T01:06:03.774+03:00 DEBUG 22068 --- [ecotracker-back] [           main] org.hibernate.type.BasicTypeRegistry     : Adding type registration calendar_date -> org.hibernate.type.BasicTypeReference@6f96dd64
2024-04-30T01:06:03.774+03:00 DEBUG 22068 --- [ecotracker-back] [           main] org.hibernate.type.BasicTypeRegistry     : Adding type registration calendar_time -> org.hibernate.type.BasicTypeReference@4d7cac24
2024-04-30T01:06:03.774+03:00 DEBUG 22068 --- [ecotracker-back] [           main] org.hibernate.type.BasicTypeRegistry     : Adding type registration instant -> org.hibernate.type.BasicTypeReference@409732fb
2024-04-30T01:06:03.774+03:00 DEBUG 22068 --- [ecotracker-back] [           main] org.hibernate.type.BasicTypeRegistry     : Adding type registration java.time.Instant -> org.hibernate.type.BasicTypeReference@409732fb
2024-04-30T01:06:03.774+03:00 DEBUG 22068 --- [ecotracker-back] [           main] org.hibernate.type.BasicTypeRegistry     : Adding type registration uuid -> org.hibernate.type.BasicTypeReference@73d62b5
2024-04-30T01:06:03.774+03:00 DEBUG 22068 --- [ecotracker-back] [           main] org.hibernate.type.BasicTypeRegistry     : Adding type registration java.util.UUID -> org.hibernate.type.BasicTypeReference@73d62b5
2024-04-30T01:06:03.774+03:00 DEBUG 22068 --- [ecotracker-back] [           main] org.hibernate.type.BasicTypeRegistry     : Adding type registration pg-uuid -> org.hibernate.type.BasicTypeReference@73d62b5
2024-04-30T01:06:03.774+03:00 DEBUG 22068 --- [ecotracker-back] [           main] org.hibernate.type.BasicTypeRegistry     : Adding type registration uuid-binary -> org.hibernate.type.BasicTypeReference@5e99e2cb
2024-04-30T01:06:03.774+03:00 DEBUG 22068 --- [ecotracker-back] [           main] org.hibernate.type.BasicTypeRegistry     : Adding type registration uuid-char -> org.hibernate.type.BasicTypeReference@76ac68b0
2024-04-30T01:06:03.774+03:00 DEBUG 22068 --- [ecotracker-back] [           main] org.hibernate.type.BasicTypeRegistry     : Adding type registration class -> org.hibernate.type.BasicTypeReference@f559c74
2024-04-30T01:06:03.775+03:00 DEBUG 22068 --- [ecotracker-back] [           main] org.hibernate.type.BasicTypeRegistry     : Adding type registration java.lang.Class -> org.hibernate.type.BasicTypeReference@f559c74
2024-04-30T01:06:03.775+03:00 DEBUG 22068 --- [ecotracker-back] [           main] org.hibernate.type.BasicTypeRegistry     : Adding type registration currency -> org.hibernate.type.BasicTypeReference@63917fe1
2024-04-30T01:06:03.775+03:00 DEBUG 22068 --- [ecotracker-back] [           main] org.hibernate.type.BasicTypeRegistry     : Adding type registration Currency -> org.hibernate.type.BasicTypeReference@63917fe1
2024-04-30T01:06:03.775+03:00 DEBUG 22068 --- [ecotracker-back] [           main] org.hibernate.type.BasicTypeRegistry     : Adding type registration java.util.Currency -> org.hibernate.type.BasicTypeReference@63917fe1
2024-04-30T01:06:03.775+03:00 DEBUG 22068 --- [ecotracker-back] [           main] org.hibernate.type.BasicTypeRegistry     : Adding type registration locale -> org.hibernate.type.BasicTypeReference@720f56e2
2024-04-30T01:06:03.775+03:00 DEBUG 22068 --- [ecotracker-back] [           main] org.hibernate.type.BasicTypeRegistry     : Adding type registration java.util.Locale -> org.hibernate.type.BasicTypeReference@720f56e2
2024-04-30T01:06:03.775+03:00 DEBUG 22068 --- [ecotracker-back] [           main] org.hibernate.type.BasicTypeRegistry     : Adding type registration serializable -> org.hibernate.type.BasicTypeReference@677349fb
2024-04-30T01:06:03.775+03:00 DEBUG 22068 --- [ecotracker-back] [           main] org.hibernate.type.BasicTypeRegistry     : Adding type registration java.io.Serializable -> org.hibernate.type.BasicTypeReference@677349fb
2024-04-30T01:06:03.775+03:00 DEBUG 22068 --- [ecotracker-back] [           main] org.hibernate.type.BasicTypeRegistry     : Adding type registration timezone -> org.hibernate.type.BasicTypeReference@4466cf5d
2024-04-30T01:06:03.775+03:00 DEBUG 22068 --- [ecotracker-back] [           main] org.hibernate.type.BasicTypeRegistry     : Adding type registration java.util.TimeZone -> org.hibernate.type.BasicTypeReference@4466cf5d
2024-04-30T01:06:03.775+03:00 DEBUG 22068 --- [ecotracker-back] [           main] org.hibernate.type.BasicTypeRegistry     : Adding type registration ZoneOffset -> org.hibernate.type.BasicTypeReference@2c60ce47
2024-04-30T01:06:03.775+03:00 DEBUG 22068 --- [ecotracker-back] [           main] org.hibernate.type.BasicTypeRegistry     : Adding type registration java.time.ZoneOffset -> org.hibernate.type.BasicTypeReference@2c60ce47
2024-04-30T01:06:03.775+03:00 DEBUG 22068 --- [ecotracker-back] [           main] org.hibernate.type.BasicTypeRegistry     : Adding type registration url -> org.hibernate.type.BasicTypeReference@2450256f
2024-04-30T01:06:03.775+03:00 DEBUG 22068 --- [ecotracker-back] [           main] org.hibernate.type.BasicTypeRegistry     : Adding type registration java.net.URL -> org.hibernate.type.BasicTypeReference@2450256f
2024-04-30T01:06:03.775+03:00 DEBUG 22068 --- [ecotracker-back] [           main] org.hibernate.type.BasicTypeRegistry     : Adding type registration vector -> org.hibernate.type.BasicTypeReference@59918c8f
2024-04-30T01:06:03.775+03:00 DEBUG 22068 --- [ecotracker-back] [           main] org.hibernate.type.BasicTypeRegistry     : Adding type registration row_version -> org.hibernate.type.BasicTypeReference@2b7facc7
2024-04-30T01:06:03.785+03:00 DEBUG 22068 --- [ecotracker-back] [           main] org.hibernate.type.BasicTypeRegistry     : Adding type registration object -> org.hibernate.type.JavaObjectType@1cde374
2024-04-30T01:06:03.785+03:00 DEBUG 22068 --- [ecotracker-back] [           main] org.hibernate.type.BasicTypeRegistry     : Adding type registration java.lang.Object -> org.hibernate.type.JavaObjectType@1cde374
2024-04-30T01:06:03.786+03:00 DEBUG 22068 --- [ecotracker-back] [           main] org.hibernate.type.BasicTypeRegistry     : Adding type registration null -> org.hibernate.type.NullType@799f354a
2024-04-30T01:06:03.786+03:00 DEBUG 22068 --- [ecotracker-back] [           main] org.hibernate.type.BasicTypeRegistry     : Adding type registration imm_date -> org.hibernate.type.BasicTypeReference@33bdd01
2024-04-30T01:06:03.786+03:00 DEBUG 22068 --- [ecotracker-back] [           main] org.hibernate.type.BasicTypeRegistry     : Adding type registration imm_time -> org.hibernate.type.BasicTypeReference@159ac15f
2024-04-30T01:06:03.786+03:00 DEBUG 22068 --- [ecotracker-back] [           main] org.hibernate.type.BasicTypeRegistry     : Adding type registration imm_timestamp -> org.hibernate.type.BasicTypeReference@7ac48f05
2024-04-30T01:06:03.786+03:00 DEBUG 22068 --- [ecotracker-back] [           main] org.hibernate.type.BasicTypeRegistry     : Adding type registration imm_calendar -> org.hibernate.type.BasicTypeReference@7af1d072
2024-04-30T01:06:03.786+03:00 DEBUG 22068 --- [ecotracker-back] [           main] org.hibernate.type.BasicTypeRegistry     : Adding type registration imm_calendar_date -> org.hibernate.type.BasicTypeReference@27ffd9f8
2024-04-30T01:06:03.786+03:00 DEBUG 22068 --- [ecotracker-back] [           main] org.hibernate.type.BasicTypeRegistry     : Adding type registration imm_calendar_time -> org.hibernate.type.BasicTypeReference@642c6461
2024-04-30T01:06:03.786+03:00 DEBUG 22068 --- [ecotracker-back] [           main] org.hibernate.type.BasicTypeRegistry     : Adding type registration imm_binary -> org.hibernate.type.BasicTypeReference@3ace6346
2024-04-30T01:06:03.786+03:00 DEBUG 22068 --- [ecotracker-back] [           main] org.hibernate.type.BasicTypeRegistry     : Adding type registration imm_serializable -> org.hibernate.type.BasicTypeReference@4e48462d
2024-04-30T01:06:03.791+03:00 DEBUG 22068 --- [ecotracker-back] [           main] o.h.boot.internal.BootstrapContextImpl   : Injecting JPA temp ClassLoader [org.springframework.instrument.classloading.SimpleThrowawayClassLoader@2eb1c615] into BootstrapContext; was [null]
2024-04-30T01:06:03.791+03:00 DEBUG 22068 --- [ecotracker-back] [           main] o.h.boot.internal.ClassLoaderAccessImpl  : ClassLoaderAccessImpl#injectTempClassLoader(org.springframework.instrument.classloading.SimpleThrowawayClassLoader@2eb1c615) [was null]
2024-04-30T01:06:03.791+03:00 DEBUG 22068 --- [ecotracker-back] [           main] o.h.boot.internal.BootstrapContextImpl   : Injecting ScanEnvironment [org.hibernate.jpa.boot.internal.StandardJpaScanEnvironmentImpl@7ab63838] into BootstrapContext; was [null]
2024-04-30T01:06:03.791+03:00 DEBUG 22068 --- [ecotracker-back] [           main] o.h.boot.internal.BootstrapContextImpl   : Injecting ScanOptions [org.hibernate.boot.archive.scan.internal.StandardScanOptions@4e974b9e] into BootstrapContext; was [org.hibernate.boot.archive.scan.internal.StandardScanOptions@370c7cc5]
2024-04-30T01:06:03.991+03:00  INFO 22068 --- [ecotracker-back] [           main] o.s.o.j.p.SpringPersistenceUnitInfo      : No LoadTimeWeaver setup: ignoring JPA class transformer
2024-04-30T01:06:03.991+03:00 DEBUG 22068 --- [ecotracker-back] [           main] o.h.boot.internal.BootstrapContextImpl   : Injecting JPA temp ClassLoader [null] into BootstrapContext; was [org.springframework.instrument.classloading.SimpleThrowawayClassLoader@2eb1c615]
2024-04-30T01:06:03.991+03:00 DEBUG 22068 --- [ecotracker-back] [           main] o.h.boot.internal.ClassLoaderAccessImpl  : ClassLoaderAccessImpl#injectTempClassLoader(null) [was org.springframework.instrument.classloading.SimpleThrowawayClassLoader@2eb1c615]
2024-04-30T01:06:04.023+03:00 DEBUG 22068 --- [ecotracker-back] [           main] o.h.e.j.e.i.JdbcEnvironmentInitiator     : Database ->
       name : H2
    version : 2.2.224 (2023-09-17)
      major : 2
      minor : 2
2024-04-30T01:06:04.023+03:00 DEBUG 22068 --- [ecotracker-back] [           main] o.h.e.j.e.i.JdbcEnvironmentInitiator     : Driver ->
       name : H2 JDBC Driver
    version : 2.2.224 (2023-09-17)
      major : 2
      minor : 2
2024-04-30T01:06:04.023+03:00 DEBUG 22068 --- [ecotracker-back] [           main] o.h.e.j.e.i.JdbcEnvironmentInitiator     : JDBC version : 4.2
2024-04-30T01:06:04.043+03:00  WARN 22068 --- [ecotracker-back] [           main] org.hibernate.orm.deprecation            : HHH90000025: H2Dialect does not need to be specified explicitly using 'hibernate.dialect' (remove the property setting and it will be selected by default)
2024-04-30T01:06:04.045+03:00 DEBUG 22068 --- [ecotracker-back] [           main] org.hibernate.orm.dialect                : HHH035001: Using dialect: org.hibernate.dialect.H2Dialect, version: 2.2.224
2024-04-30T01:06:04.050+03:00 DEBUG 22068 --- [ecotracker-back] [           main] o.h.e.j.env.spi.IdentifierHelperBuilder  : JDBC driver metadata reported database stores quoted identifiers in neither upper, lower nor mixed case
2024-04-30T01:06:04.065+03:00 DEBUG 22068 --- [ecotracker-back] [           main] o.h.t.d.jdbc.spi.JdbcTypeRegistry        : addDescriptor(NCharTypeDescriptor) replaced previous registration(CharTypeDescriptor)
2024-04-30T01:06:04.065+03:00 DEBUG 22068 --- [ecotracker-back] [           main] o.h.t.d.jdbc.spi.JdbcTypeRegistry        : addDescriptor(NVarcharTypeDescriptor) replaced previous registration(VarcharTypeDescriptor)
2024-04-30T01:06:04.066+03:00 DEBUG 22068 --- [ecotracker-back] [           main] o.h.t.d.jdbc.spi.JdbcTypeRegistry        : addDescriptor(LongNVarcharTypeDescriptor) replaced previous registration(LongVarcharTypeDescriptor)
2024-04-30T01:06:04.067+03:00 DEBUG 22068 --- [ecotracker-back] [           main] o.h.t.d.jdbc.spi.JdbcTypeRegistry        : addDescriptor(NClobTypeDescriptor(DEFAULT)) replaced previous registration(ClobTypeDescriptor(DEFAULT))
2024-04-30T01:06:04.067+03:00 DEBUG 22068 --- [ecotracker-back] [           main] o.h.t.d.jdbc.spi.JdbcTypeRegistry        : addDescriptor(2005, ClobTypeDescriptor(STREAM_BINDING)) replaced previous registration(ClobTypeDescriptor(DEFAULT))
2024-04-30T01:06:04.068+03:00 DEBUG 22068 --- [ecotracker-back] [           main] o.h.t.d.jdbc.spi.JdbcTypeRegistry        : addDescriptor(TimestampUtcDescriptor) replaced previous registration(TimestampUtcDescriptor)
2024-04-30T01:06:04.073+03:00 DEBUG 22068 --- [ecotracker-back] [           main] org.hibernate.type.BasicTypeRegistry     : Adding type registration org.hibernate.type.DurationType -> basicType@1(java.time.Duration,3015)
2024-04-30T01:06:04.073+03:00 DEBUG 22068 --- [ecotracker-back] [           main] org.hibernate.type.BasicTypeRegistry     : Adding type registration Duration -> basicType@1(java.time.Duration,3015)
2024-04-30T01:06:04.074+03:00 DEBUG 22068 --- [ecotracker-back] [           main] org.hibernate.type.BasicTypeRegistry     : Adding type registration java.time.Duration -> basicType@1(java.time.Duration,3015)
2024-04-30T01:06:04.078+03:00 DEBUG 22068 --- [ecotracker-back] [           main] o.h.type.spi.TypeConfiguration$Scope     : Scoping TypeConfiguration [org.hibernate.type.spi.TypeConfiguration@60ed0b9d] to MetadataBuildingContext [org.hibernate.boot.internal.MetadataBuildingContextRootImpl@7f5e6833]
2024-04-30T01:06:04.099+03:00 DEBUG 22068 --- [ecotracker-back] [           main] o.h.boot.model.relational.Namespace      : Created database namespace [logicalName=Name{catalog=null, schema=null}, physicalName=Name{catalog=null, schema=null}]
2024-04-30T01:06:04.112+03:00 DEBUG 22068 --- [ecotracker-back] [           main] o.h.boot.model.internal.EntityBinder     : Binding entity from annotated class: bondar.iot.ecotrackerback.model.AudioData
2024-04-30T01:06:04.117+03:00 DEBUG 22068 --- [ecotracker-back] [           main] o.h.boot.model.internal.EntityBinder     : Import with entity name AudioData
2024-04-30T01:06:04.123+03:00 DEBUG 22068 --- [ecotracker-back] [           main] o.h.boot.model.internal.EntityBinder     : Bind entity bondar.iot.ecotrackerback.model.AudioData on table audio_data
2024-04-30T01:06:04.130+03:00 DEBUG 22068 --- [ecotracker-back] [           main] o.h.boot.model.internal.AnnotatedColumn  : Binding column: AnnotatedDiscriminatorColumn(column='DTYPE')
2024-04-30T01:06:04.141+03:00 DEBUG 22068 --- [ecotracker-back] [           main] o.h.boot.model.internal.AnnotatedColumn  : Binding column: AnnotatedColumn()
2024-04-30T01:06:04.141+03:00 DEBUG 22068 --- [ecotracker-back] [           main] o.h.boot.internal.ClassLoaderAccessImpl  : Not known whether passed class name [bondar.iot.ecotrackerback.model.AudioData] is safe
2024-04-30T01:06:04.141+03:00 DEBUG 22068 --- [ecotracker-back] [           main] o.h.boot.internal.ClassLoaderAccessImpl  : No temp ClassLoader provided; using live ClassLoader for loading potentially unsafe class : bondar.iot.ecotrackerback.model.AudioData
2024-04-30T01:06:04.143+03:00 DEBUG 22068 --- [ecotracker-back] [           main] o.h.boot.model.internal.PropertyBinder   : MetadataSourceProcessor property id with lazy=false
2024-04-30T01:06:04.146+03:00 DEBUG 22068 --- [ecotracker-back] [           main] o.h.b.m.internal.AbstractPropertyHolder  : Attempting to locate auto-apply AttributeConverter for property [bondar.iot.ecotrackerback.model.AudioData:id]
2024-04-30T01:06:04.149+03:00 DEBUG 22068 --- [ecotracker-back] [           main] o.h.b.model.internal.BasicValueBinder    : building BasicValue for id
2024-04-30T01:06:04.151+03:00 DEBUG 22068 --- [ecotracker-back] [           main] org.hibernate.mapping.BasicValue         : Skipping column re-registration: audio_data.id
2024-04-30T01:06:04.151+03:00 DEBUG 22068 --- [ecotracker-back] [           main] o.h.boot.model.internal.PropertyBinder   : Building property id
2024-04-30T01:06:04.153+03:00 DEBUG 22068 --- [ecotracker-back] [           main] o.h.boot.model.internal.BinderHelper     : #makeIdGenerator(BasicValue([Column(id)]), id, identity, , ...)
2024-04-30T01:06:04.153+03:00 DEBUG 22068 --- [ecotracker-back] [           main] o.h.boot.model.internal.AnnotatedColumn  : Binding column: AnnotatedColumn()
2024-04-30T01:06:04.154+03:00 DEBUG 22068 --- [ecotracker-back] [           main] o.h.boot.model.internal.PropertyBinder   : MetadataSourceProcessor property audioLevel with lazy=false
2024-04-30T01:06:04.154+03:00 DEBUG 22068 --- [ecotracker-back] [           main] o.h.b.m.internal.AbstractPropertyHolder  : Attempting to locate auto-apply AttributeConverter for property [bondar.iot.ecotrackerback.model.AudioData:audioLevel]
2024-04-30T01:06:04.154+03:00 DEBUG 22068 --- [ecotracker-back] [           main] o.h.b.model.internal.BasicValueBinder    : building BasicValue for audioLevel
2024-04-30T01:06:04.154+03:00 DEBUG 22068 --- [ecotracker-back] [           main] org.hibernate.mapping.BasicValue         : Skipping column re-registration: audio_data.audio_level
2024-04-30T01:06:04.154+03:00 DEBUG 22068 --- [ecotracker-back] [           main] o.h.boot.model.internal.PropertyBinder   : Building property audioLevel
2024-04-30T01:06:04.154+03:00 DEBUG 22068 --- [ecotracker-back] [           main] o.h.boot.model.internal.AnnotatedColumn  : Binding column: AnnotatedColumn()
2024-04-30T01:06:04.154+03:00 DEBUG 22068 --- [ecotracker-back] [           main] o.h.boot.model.internal.PropertyBinder   : MetadataSourceProcessor property deviceId with lazy=false
2024-04-30T01:06:04.154+03:00 DEBUG 22068 --- [ecotracker-back] [           main] o.h.b.m.internal.AbstractPropertyHolder  : Attempting to locate auto-apply AttributeConverter for property [bondar.iot.ecotrackerback.model.AudioData:deviceId]
2024-04-30T01:06:04.154+03:00 DEBUG 22068 --- [ecotracker-back] [           main] o.h.b.model.internal.BasicValueBinder    : building BasicValue for deviceId
2024-04-30T01:06:04.154+03:00 DEBUG 22068 --- [ecotracker-back] [           main] org.hibernate.mapping.BasicValue         : Skipping column re-registration: audio_data.device_id
2024-04-30T01:06:04.154+03:00 DEBUG 22068 --- [ecotracker-back] [           main] o.h.boot.model.internal.PropertyBinder   : Building property deviceId
2024-04-30T01:06:04.155+03:00 DEBUG 22068 --- [ecotracker-back] [           main] o.h.boot.model.internal.AnnotatedColumn  : Binding column: AnnotatedColumn()
2024-04-30T01:06:04.155+03:00 DEBUG 22068 --- [ecotracker-back] [           main] o.h.boot.model.internal.PropertyBinder   : MetadataSourceProcessor property timestamp with lazy=false
2024-04-30T01:06:04.155+03:00 DEBUG 22068 --- [ecotracker-back] [           main] o.h.b.m.internal.AbstractPropertyHolder  : Attempting to locate auto-apply AttributeConverter for property [bondar.iot.ecotrackerback.model.AudioData:timestamp]
2024-04-30T01:06:04.155+03:00 DEBUG 22068 --- [ecotracker-back] [           main] o.h.b.model.internal.BasicValueBinder    : building BasicValue for timestamp
2024-04-30T01:06:04.155+03:00 DEBUG 22068 --- [ecotracker-back] [           main] org.hibernate.mapping.BasicValue         : Skipping column re-registration: audio_data.timestamp
2024-04-30T01:06:04.155+03:00 DEBUG 22068 --- [ecotracker-back] [           main] o.h.boot.model.internal.PropertyBinder   : Building property timestamp
2024-04-30T01:06:04.156+03:00 DEBUG 22068 --- [ecotracker-back] [           main] o.h.b.r.c.i.ClassLoaderServiceImpl       : HHH000194: Package not found or wo package-info.java: bondar.iot.ecotrackerback.model
2024-04-30T01:06:04.160+03:00 DEBUG 22068 --- [ecotracker-back] [           main] o.h.boot.model.internal.EntityBinder     : Binding entity from annotated class: bondar.iot.ecotrackerback.model.LightData
2024-04-30T01:06:04.160+03:00 DEBUG 22068 --- [ecotracker-back] [           main] o.h.boot.model.internal.EntityBinder     : Import with entity name LightData
2024-04-30T01:06:04.160+03:00 DEBUG 22068 --- [ecotracker-back] [           main] o.h.boot.model.internal.EntityBinder     : Bind entity bondar.iot.ecotrackerback.model.LightData on table light_data
2024-04-30T01:06:04.161+03:00 DEBUG 22068 --- [ecotracker-back] [           main] o.h.boot.model.internal.AnnotatedColumn  : Binding column: AnnotatedDiscriminatorColumn(column='DTYPE')
2024-04-30T01:06:04.161+03:00 DEBUG 22068 --- [ecotracker-back] [           main] o.h.boot.model.internal.AnnotatedColumn  : Binding column: AnnotatedColumn()
2024-04-30T01:06:04.161+03:00 DEBUG 22068 --- [ecotracker-back] [           main] o.h.boot.internal.ClassLoaderAccessImpl  : Not known whether passed class name [bondar.iot.ecotrackerback.model.LightData] is safe
2024-04-30T01:06:04.161+03:00 DEBUG 22068 --- [ecotracker-back] [           main] o.h.boot.internal.ClassLoaderAccessImpl  : No temp ClassLoader provided; using live ClassLoader for loading potentially unsafe class : bondar.iot.ecotrackerback.model.LightData
2024-04-30T01:06:04.161+03:00 DEBUG 22068 --- [ecotracker-back] [           main] o.h.boot.model.internal.PropertyBinder   : MetadataSourceProcessor property id with lazy=false
2024-04-30T01:06:04.161+03:00 DEBUG 22068 --- [ecotracker-back] [           main] o.h.b.m.internal.AbstractPropertyHolder  : Attempting to locate auto-apply AttributeConverter for property [bondar.iot.ecotrackerback.model.LightData:id]
2024-04-30T01:06:04.161+03:00 DEBUG 22068 --- [ecotracker-back] [           main] o.h.b.model.internal.BasicValueBinder    : building BasicValue for id
2024-04-30T01:06:04.161+03:00 DEBUG 22068 --- [ecotracker-back] [           main] org.hibernate.mapping.BasicValue         : Skipping column re-registration: light_data.id
2024-04-30T01:06:04.161+03:00 DEBUG 22068 --- [ecotracker-back] [           main] o.h.boot.model.internal.PropertyBinder   : Building property id
2024-04-30T01:06:04.161+03:00 DEBUG 22068 --- [ecotracker-back] [           main] o.h.boot.model.internal.BinderHelper     : #makeIdGenerator(BasicValue([Column(id)]), id, identity, , ...)
2024-04-30T01:06:04.161+03:00 DEBUG 22068 --- [ecotracker-back] [           main] o.h.boot.model.internal.AnnotatedColumn  : Binding column: AnnotatedColumn()
2024-04-30T01:06:04.161+03:00 DEBUG 22068 --- [ecotracker-back] [           main] o.h.boot.model.internal.PropertyBinder   : MetadataSourceProcessor property deviceId with lazy=false
2024-04-30T01:06:04.161+03:00 DEBUG 22068 --- [ecotracker-back] [           main] o.h.b.m.internal.AbstractPropertyHolder  : Attempting to locate auto-apply AttributeConverter for property [bondar.iot.ecotrackerback.model.LightData:deviceId]
2024-04-30T01:06:04.161+03:00 DEBUG 22068 --- [ecotracker-back] [           main] o.h.b.model.internal.BasicValueBinder    : building BasicValue for deviceId
2024-04-30T01:06:04.162+03:00 DEBUG 22068 --- [ecotracker-back] [           main] org.hibernate.mapping.BasicValue         : Skipping column re-registration: light_data.device_id
2024-04-30T01:06:04.162+03:00 DEBUG 22068 --- [ecotracker-back] [           main] o.h.boot.model.internal.PropertyBinder   : Building property deviceId
2024-04-30T01:06:04.162+03:00 DEBUG 22068 --- [ecotracker-back] [           main] o.h.boot.model.internal.AnnotatedColumn  : Binding column: AnnotatedColumn()
2024-04-30T01:06:04.162+03:00 DEBUG 22068 --- [ecotracker-back] [           main] o.h.boot.model.internal.PropertyBinder   : MetadataSourceProcessor property lightLevel with lazy=false
2024-04-30T01:06:04.162+03:00 DEBUG 22068 --- [ecotracker-back] [           main] o.h.b.m.internal.AbstractPropertyHolder  : Attempting to locate auto-apply AttributeConverter for property [bondar.iot.ecotrackerback.model.LightData:lightLevel]
2024-04-30T01:06:04.162+03:00 DEBUG 22068 --- [ecotracker-back] [           main] o.h.b.model.internal.BasicValueBinder    : building BasicValue for lightLevel
[...]
         - @ConditionalOnClass did not find required class 'io.r2dbc.spi.ConnectionFactory' (OnClassCondition)

   R2dbcTransactionManagerAutoConfiguration:
      Did not match:
         - @ConditionalOnClass did not find required class 'org.springframework.r2dbc.connection.R2dbcTransactionManager' (OnClassCondition)

   RSocketGraphQlClientAutoConfiguration:
      Did not match:
         - @ConditionalOnClass did not find required class 'graphql.GraphQL' (OnClassCondition)

   RSocketMessagingAutoConfiguration:
      Did not match:
         - @ConditionalOnClass did not find required class 'io.rsocket.RSocket' (OnClassCondition)

   RSocketRequesterAutoConfiguration:
      Did not match:
         - @ConditionalOnClass did not find required class 'io.rsocket.RSocket' (OnClassCondition)

   RSocketSecurityAutoConfiguration:
      Did not match:
         - @ConditionalOnClass did not find required class 'org.springframework.security.rsocket.core.SecuritySocketAcceptorInterceptor' (OnClassCondition)

   RSocketServerAutoConfiguration:
      Did not match:
         - @ConditionalOnClass did not find required class 'io.rsocket.core.RSocketServer' (OnClassCondition)

   RSocketStrategiesAutoConfiguration:
      Did not match:
         - @ConditionalOnClass did not find required class 'io.rsocket.RSocket' (OnClassCondition)

   RabbitAutoConfiguration:
      Did not match:
         - @ConditionalOnClass did not find required class 'com.rabbitmq.client.Channel' (OnClassCondition)

   ReactiveElasticsearchClientAutoConfiguration:
      Did not match:
         - @ConditionalOnClass did not find required class 'co.elastic.clients.transport.ElasticsearchTransport' (OnClassCondition)

   ReactiveElasticsearchRepositoriesAutoConfiguration:
      Did not match:
         - @ConditionalOnClass did not find required class 'org.springframework.data.elasticsearch.client.elc.ReactiveElasticsearchClient' (OnClassCondition)

   ReactiveMultipartAutoConfiguration:
      Did not match:
         - @ConditionalOnClass did not find required class 'org.springframework.web.reactive.config.WebFluxConfigurer' (OnClassCondition)

   ReactiveOAuth2ClientAutoConfiguration:
      Did not match:
         - @ConditionalOnClass did not find required class 'reactor.core.publisher.Flux' (OnClassCondition)

   ReactiveOAuth2ResourceServerAutoConfiguration:
      Did not match:
         - @ConditionalOnClass did not find required class 'org.springframework.security.config.annotation.web.reactive.EnableWebFluxSecurity' (OnClassCondition)

   ReactiveSecurityAutoConfiguration:
      Did not match:
         - @ConditionalOnClass did not find required class 'reactor.core.publisher.Flux' (OnClassCondition)

   ReactiveUserDetailsServiceAutoConfiguration:
      Did not match:
         - @ConditionalOnClass did not find required class 'org.springframework.security.authentication.ReactiveAuthenticationManager' (OnClassCondition)

   ReactiveWebServerFactoryAutoConfiguration:
      Did not match:
         - @ConditionalOnWebApplication did not find reactive web application classes (OnWebApplicationCondition)

   ReactorAutoConfiguration:
      Did not match:
         - @ConditionalOnClass did not find required class 'reactor.core.publisher.Hooks' (OnClassCondition)

   RedisAutoConfiguration:
      Did not match:
         - @ConditionalOnClass did not find required class 'org.springframework.data.redis.core.RedisOperations' (OnClassCondition)

   RedisCacheConfiguration:
      Did not match:
         - @ConditionalOnClass did not find required class 'org.springframework.data.redis.connection.RedisConnectionFactory' (OnClassCondition)

   RedisReactiveAutoConfiguration:
      Did not match:
         - @ConditionalOnClass did not find required class 'reactor.core.publisher.Flux' (OnClassCondition)

   RedisRepositoriesAutoConfiguration:
      Did not match:
         - @ConditionalOnClass did not find required class 'org.springframework.data.redis.repository.configuration.EnableRedisRepositories' (OnClassCondition)

   RepositoryRestMvcAutoConfiguration:
      Did not match:
         - @ConditionalOnClass did not find required class 'org.springframework.data.rest.webmvc.config.RepositoryRestMvcConfiguration' (OnClassCondition)

   Saml2RelyingPartyAutoConfiguration:
      Did not match:
         - @ConditionalOnClass did not find required class 'org.springframework.security.saml2.provider.service.registration.RelyingPartyRegistrationRepository' (OnClassCondition)

   SecurityAutoConfiguration:
      Did not match:
         - @ConditionalOnClass did not find required class 'org.springframework.security.authentication.DefaultAuthenticationEventPublisher' (OnClassCondition)

   SecurityFilterAutoConfiguration:
      Did not match:
         - @ConditionalOnClass did not find required class 'org.springframework.security.config.http.SessionCreationPolicy' (OnClassCondition)

   SendGridAutoConfiguration:
      Did not match:
         - @ConditionalOnClass did not find required class 'com.sendgrid.SendGrid' (OnClassCondition)

   ServletWebServerFactoryAutoConfiguration.ForwardedHeaderFilterConfiguration:
      Did not match:
         - @ConditionalOnProperty (server.forward-headers-strategy=framework) did not find property 'server.forward-headers-strategy' (OnPropertyCondition)

   ServletWebServerFactoryConfiguration.EmbeddedJetty:
      Did not match:
         - @ConditionalOnClass did not find required classes 'org.eclipse.jetty.server.Server', 'org.eclipse.jetty.util.Loader', 'org.eclipse.jetty.ee10.webapp.WebAppContext' (OnClassCondition)

   ServletWebServerFactoryConfiguration.EmbeddedUndertow:
      Did not match:
         - @ConditionalOnClass did not find required classes 'io.undertow.Undertow', 'org.xnio.SslClientAuthMode' (OnClassCondition)

   SessionAutoConfiguration:
      Did not match:
         - @ConditionalOnClass did not find required class 'org.springframework.session.Session' (OnClassCondition)

   SpringApplicationAdminJmxAutoConfiguration:
      Did not match:
         - @ConditionalOnProperty (spring.application.admin.enabled=true) did not find property 'enabled' (OnPropertyCondition)

   TaskExecutorConfigurations.SimpleAsyncTaskExecutorBuilderConfiguration#simpleAsyncTaskExecutorBuilderVirtualThreads:
      Did not match:
         - @ConditionalOnMissingBean (types: org.springframework.boot.task.SimpleAsyncTaskExecutorBuilder; SearchStrategy: all) found beans of type 'org.springframework.boot.task.SimpleAsyncTaskExecutorBuilder' simpleAsyncTaskExecutorBuilder (OnBeanCondition)

   TaskExecutorConfigurations.TaskExecutorConfiguration#applicationTaskExecutorVirtualThreads:
      Did not match:
         - @ConditionalOnThreading did not find VIRTUAL (OnThreadingCondition)

   TaskSchedulingAutoConfiguration#scheduledBeanLazyInitializationExcludeFilter:
      Did not match:
         - @ConditionalOnBean (names: org.springframework.context.annotation.internalScheduledAnnotationProcessor; SearchStrategy: all) did not find any beans named org.springframework.context.annotation.internalScheduledAnnotationProcessor (OnBeanCondition)

   TaskSchedulingConfigurations.SimpleAsyncTaskSchedulerBuilderConfiguration#simpleAsyncTaskSchedulerBuilderVirtualThreads:
      Did not match:
         - @ConditionalOnMissingBean (types: org.springframework.boot.task.SimpleAsyncTaskSchedulerBuilder; SearchStrategy: all) found beans of type 'org.springframework.boot.task.SimpleAsyncTaskSchedulerBuilder' simpleAsyncTaskSchedulerBuilder (OnBeanCondition)

   TaskSchedulingConfigurations.TaskSchedulerConfiguration:
      Did not match:
         - @ConditionalOnBean (names: org.springframework.context.annotation.internalScheduledAnnotationProcessor; SearchStrategy: all) did not find any beans named org.springframework.context.annotation.internalScheduledAnnotationProcessor (OnBeanCondition)

   TemplateEngineConfigurations.ReactiveTemplateEngineConfiguration:
      Did not match:
         - did not find reactive web application classes (OnWebApplicationCondition)

   ThymeleafAutoConfiguration.DataAttributeDialectConfiguration:
      Did not match:
         - @ConditionalOnClass did not find required class 'com.github.mxab.thymeleaf.extras.dataattribute.dialect.DataAttributeDialect' (OnClassCondition)

   ThymeleafAutoConfiguration.ThymeleafSecurityDialectConfiguration:
      Did not match:
         - @ConditionalOnClass did not find required classes 'org.thymeleaf.extras.springsecurity6.dialect.SpringSecurityDialect', 'org.springframework.security.web.server.csrf.CsrfToken' (OnClassCondition)

   ThymeleafAutoConfiguration.ThymeleafWebFluxConfiguration:
      Did not match:
         - did not find reactive web application classes (OnWebApplicationCondition)

   ThymeleafAutoConfiguration.ThymeleafWebLayoutConfiguration:
      Did not match:
         - @ConditionalOnClass did not find required class 'nz.net.ultraq.thymeleaf.layoutdialect.LayoutDialect' (OnClassCondition)

   ThymeleafAutoConfiguration.ThymeleafWebMvcConfiguration#resourceUrlEncodingFilter:
      Did not match:
         - @ConditionalOnEnabledResourceChain did not find class org.webjars.WebJarAssetLocator (OnEnabledResourceChainCondition)

   TransactionAutoConfiguration#transactionalOperator:
      Did not match:
         - @ConditionalOnSingleCandidate (types: org.springframework.transaction.ReactiveTransactionManager; SearchStrategy: all) did not find any beans (OnBeanCondition)

   TransactionAutoConfiguration.AspectJTransactionManagementConfiguration:
      Did not match:
         - @ConditionalOnBean (types: org.springframework.transaction.aspectj.AbstractTransactionAspect; SearchStrategy: all) did not find any beans of type org.springframework.transaction.aspectj.AbstractTransactionAspect (OnBeanCondition)

   TransactionAutoConfiguration.EnableTransactionManagementConfiguration.JdkDynamicAutoProxyConfiguration:
      Did not match:
         - @ConditionalOnProperty (spring.aop.proxy-target-class=false) did not find property 'proxy-target-class' (OnPropertyCondition)

   UserDetailsServiceAutoConfiguration:
      Did not match:
         - @ConditionalOnClass did not find required class 'org.springframework.security.authentication.AuthenticationManager' (OnClassCondition)

   ValidationAutoConfiguration:
      Did not match:
         - @ConditionalOnClass did not find required class 'jakarta.validation.executable.ExecutableValidator' (OnClassCondition)

   WebClientAutoConfiguration:
      Did not match:
         - @ConditionalOnClass did not find required class 'org.springframework.web.reactive.function.client.WebClient' (OnClassCondition)

   WebFluxAutoConfiguration:
      Did not match:
         - @ConditionalOnClass did not find required class 'org.springframework.web.reactive.config.WebFluxConfigurer' (OnClassCondition)

   WebMvcAutoConfiguration#hiddenHttpMethodFilter:
      Did not match:
         - @ConditionalOnProperty (spring.mvc.hiddenmethod.filter.enabled) did not find property 'enabled' (OnPropertyCondition)

   WebMvcAutoConfiguration.ProblemDetailsErrorHandlingConfiguration:
      Did not match:
         - @ConditionalOnProperty (spring.mvc.problemdetails.enabled=true) did not find property 'enabled' (OnPropertyCondition)

   WebMvcAutoConfiguration.ResourceChainCustomizerConfiguration:
      Did not match:
         - @ConditionalOnEnabledResourceChain did not find class org.webjars.WebJarAssetLocator (OnEnabledResourceChainCondition)

   WebMvcAutoConfiguration.WebMvcAutoConfigurationAdapter#beanNameViewResolver:
      Did not match:
         - @ConditionalOnMissingBean (types: org.springframework.web.servlet.view.BeanNameViewResolver; SearchStrategy: all) found beans of type 'org.springframework.web.servlet.view.BeanNameViewResolver' beanNameViewResolver (OnBeanCondition)

   WebServiceTemplateAutoConfiguration:
      Did not match:
         - @ConditionalOnClass did not find required class 'org.springframework.oxm.Marshaller' (OnClassCondition)

   WebServicesAutoConfiguration:
      Did not match:
         - @ConditionalOnClass did not find required class 'org.springframework.ws.transport.http.MessageDispatcherServlet' (OnClassCondition)

   WebSessionIdResolverAutoConfiguration:
      Did not match:
         - @ConditionalOnClass did not find required class 'reactor.core.publisher.Mono' (OnClassCondition)

   WebSocketMessagingAutoConfiguration:
      Did not match:
         - @ConditionalOnClass did not find required class 'org.springframework.web.socket.config.annotation.WebSocketMessageBrokerConfigurer' (OnClassCondition)

   WebSocketReactiveAutoConfiguration:
      Did not match:
         - @ConditionalOnWebApplication did not find reactive web application classes (OnWebApplicationCondition)

   WebSocketServletAutoConfiguration.JettyWebSocketConfiguration:
      Did not match:
         - @ConditionalOnClass did not find required class 'org.eclipse.jetty.ee10.websocket.jakarta.server.config.JakartaWebSocketServletContainerInitializer' (OnClassCondition)

   WebSocketServletAutoConfiguration.UndertowWebSocketConfiguration:
      Did not match:
         - @ConditionalOnClass did not find required class 'io.undertow.websockets.jsr.Bootstrap' (OnClassCondition)

   XADataSourceAutoConfiguration:
      Did not match:
         - @ConditionalOnBean (types: org.springframework.boot.jdbc.XADataSourceWrapper; SearchStrategy: all) did not find any beans of type org.springframework.boot.jdbc.XADataSourceWrapper (OnBeanCondition)
      Matched:
         - @ConditionalOnClass found required classes 'javax.sql.DataSource', 'jakarta.transaction.TransactionManager', 'org.springframework.jdbc.datasource.embedded.EmbeddedDatabaseType' (OnClassCondition)


Exclusions:
-----------

    None


Unconditional classes:
----------------------

    org.springframework.boot.autoconfigure.context.ConfigurationPropertiesAutoConfiguration

    org.springframework.boot.autoconfigure.ssl.SslAutoConfiguration

    org.springframework.boot.autoconfigure.context.LifecycleAutoConfiguration

    org.springframework.boot.autoconfigure.context.PropertyPlaceholderAutoConfiguration

    org.springframework.boot.autoconfigure.availability.ApplicationAvailabilityAutoConfiguration

    org.springframework.boot.autoconfigure.info.ProjectInfoAutoConfiguration



2024-04-30T01:06:05.749+03:00  INFO 22068 --- [ecotracker-back] [           main] b.i.e.EcotrackerBackApplicationTests     : Started EcotrackerBackApplicationTests in 3.653 seconds (process running for 4.425)
2024-04-30T01:06:05.752+03:00 DEBUG 22068 --- [ecotracker-back] [           main] o.s.b.a.ApplicationAvailabilityBean      : Application availability state LivenessState changed to CORRECT
2024-04-30T01:06:05.755+03:00 DEBUG 22068 --- [ecotracker-back] [           main] o.s.b.a.ApplicationAvailabilityBean      : Application availability state ReadinessState changed to ACCEPTING_TRAFFIC
2024-04-30T01:06:05.762+03:00 DEBUG 22068 --- [ecotracker-back] [           main] org.springframework.test.context.cache   : Spring test ApplicationContext cache statistics: [DefaultContextCache@768f2398 size = 1, maxSize = 32, parentContextCount = 0, hitCount = 0, missCount = 1, failureCount = 0]
2024-04-30T01:06:05.763+03:00 DEBUG 22068 --- [ecotracker-back] [           main] o.s.t.c.w.ServletTestExecutionListener   : Setting up MockHttpServletRequest, MockHttpServletResponse, ServletWebRequest, and RequestContextHolder for test class bondar.iot.ecotrackerback.EcotrackerBackApplicationTests
2024-04-30T01:06:05.805+03:00 DEBUG 22068 --- [ecotracker-back] [           main] DependencyInjectionTestExecutionListener : Performing dependency injection for test class bondar.iot.ecotrackerback.EcotrackerBackApplicationTests
2024-04-30T01:06:05.806+03:00 DEBUG 22068 --- [ecotracker-back] [           main] org.springframework.test.context.cache   : Spring test ApplicationContext cache statistics: [DefaultContextCache@768f2398 size = 1, maxSize = 32, parentContextCount = 0, hitCount = 1, missCount = 1, failureCount = 0]
2024-04-30T01:06:05.807+03:00 DEBUG 22068 --- [ecotracker-back] [           main] org.springframework.test.context.cache   : Spring test ApplicationContext cache statistics: [DefaultContextCache@768f2398 size = 1, maxSize = 32, parentContextCount = 0, hitCount = 2, missCount = 1, failureCount = 0]
2024-04-30T01:06:05.841+03:00 DEBUG 22068 --- [ecotracker-back] [           main] sContextBeforeModesTestExecutionListener : Before test method: class [EcotrackerBackApplicationTests], method [contextLoads], class annotated with @DirtiesContext [false] with mode [null], method annotated with @DirtiesContext [false] with mode [null]
2024-04-30T01:06:05.845+03:00 DEBUG 22068 --- [ecotracker-back] [           main] org.springframework.test.context.cache   : Spring test ApplicationContext cache statistics: [DefaultContextCache@768f2398 size = 1, maxSize = 32, parentContextCount = 0, hitCount = 3, missCount = 1, failureCount = 0]
2024-04-30T01:06:05.845+03:00 DEBUG 22068 --- [ecotracker-back] [           main] org.springframework.test.context.cache   : Spring test ApplicationContext cache statistics: [DefaultContextCache@768f2398 size = 1, maxSize = 32, parentContextCount = 0, hitCount = 4, missCount = 1, failureCount = 0]
2024-04-30T01:06:06.257+03:00 DEBUG 22068 --- [ecotracker-back] [           main] org.springframework.test.context.cache   : Spring test ApplicationContext cache statistics: [DefaultContextCache@768f2398 size = 1, maxSize = 32, parentContextCount = 0, hitCount = 5, missCount = 1, failureCount = 0]
2024-04-30T01:06:06.260+03:00 DEBUG 22068 --- [ecotracker-back] [           main] org.springframework.test.context.cache   : Spring test ApplicationContext cache statistics: [DefaultContextCache@768f2398 size = 1, maxSize = 32, parentContextCount = 0, hitCount = 6, missCount = 1, failureCount = 0]
2024-04-30T01:06:06.260+03:00 DEBUG 22068 --- [ecotracker-back] [           main] org.springframework.test.context.cache   : Spring test ApplicationContext cache statistics: [DefaultContextCache@768f2398 size = 1, maxSize = 32, parentContextCount = 0, hitCount = 7, missCount = 1, failureCount = 0]
2024-04-30T01:06:06.260+03:00 DEBUG 22068 --- [ecotracker-back] [           main] org.springframework.test.context.cache   : Spring test ApplicationContext cache statistics: [DefaultContextCache@768f2398 size = 1, maxSize = 32, parentContextCount = 0, hitCount = 8, missCount = 1, failureCount = 0]
2024-04-30T01:06:06.260+03:00 DEBUG 22068 --- [ecotracker-back] [           main] org.springframework.test.context.cache   : Spring test ApplicationContext cache statistics: [DefaultContextCache@768f2398 size = 1, maxSize = 32, parentContextCount = 0, hitCount = 9, missCount = 1, failureCount = 0]
2024-04-30T01:06:06.261+03:00 DEBUG 22068 --- [ecotracker-back] [           main] org.springframework.test.context.cache   : Spring test ApplicationContext cache statistics: [DefaultContextCache@768f2398 size = 1, maxSize = 32, parentContextCount = 0, hitCount = 10, missCount = 1, failureCount = 0]
2024-04-30T01:06:06.262+03:00 DEBUG 22068 --- [ecotracker-back] [           main] org.springframework.test.context.cache   : Spring test ApplicationContext cache statistics: [DefaultContextCache@768f2398 size = 1, maxSize = 32, parentContextCount = 0, hitCount = 11, missCount = 1, failureCount = 0]
2024-04-30T01:06:06.263+03:00 DEBUG 22068 --- [ecotracker-back] [           main] .c.s.DirtiesContextTestExecutionListener : After test method: class [EcotrackerBackApplicationTests], method [contextLoads], class annotated with @DirtiesContext [false] with mode [null], method annotated with @DirtiesContext [false] with mode [null]
2024-04-30T01:06:06.263+03:00 DEBUG 22068 --- [ecotracker-back] [           main] o.s.t.c.w.ServletTestExecutionListener   : Resetting RequestContextHolder for test class bondar.iot.ecotrackerback.EcotrackerBackApplicationTests
]]></system-out>
  </testcase>
</testsuite>